{"/Users/presleyomozuwa/Projects/CommonApp/backend/Structure/AccountUpdate/account-update-service.js": {"path":"/Users/presleyomozuwa/Projects/CommonApp/backend/Structure/AccountUpdate/account-update-service.js","statementMap":{"0":{"start":{"line":1,"column":15},"end":{"line":1,"column":32}},"1":{"start":{"line":2,"column":21},"end":{"line":2,"column":56}},"2":{"start":{"line":4,"column":21},"end":{"line":14,"column":1}},"3":{"start":{"line":5,"column":16},"end":{"line":5,"column":64}},"4":{"start":{"line":7,"column":4},"end":{"line":9,"column":5}},"5":{"start":{"line":8,"column":8},"end":{"line":8,"column":74}},"6":{"start":{"line":11,"column":4},"end":{"line":13,"column":6}},"7":{"start":{"line":16,"column":24},"end":{"line":19,"column":1}},"8":{"start":{"line":17,"column":18},"end":{"line":17,"column":66}},"9":{"start":{"line":18,"column":4},"end":{"line":18,"column":17}},"10":{"start":{"line":21,"column":23},"end":{"line":24,"column":1}},"11":{"start":{"line":22,"column":25},"end":{"line":22,"column":59}},"12":{"start":{"line":23,"column":4},"end":{"line":23,"column":25}},"13":{"start":{"line":28,"column":0},"end":{"line":28,"column":66}}},"fnMap":{"0":{"name":"(anonymous_0)","decl":{"start":{"line":4,"column":21},"end":{"line":4,"column":22}},"loc":{"start":{"line":4,"column":48},"end":{"line":14,"column":1}},"line":4},"1":{"name":"(anonymous_1)","decl":{"start":{"line":16,"column":24},"end":{"line":16,"column":25}},"loc":{"start":{"line":16,"column":53},"end":{"line":19,"column":1}},"line":16},"2":{"name":"(anonymous_2)","decl":{"start":{"line":21,"column":23},"end":{"line":21,"column":24}},"loc":{"start":{"line":21,"column":46},"end":{"line":24,"column":1}},"line":21}},"branchMap":{"0":{"loc":{"start":{"line":7,"column":4},"end":{"line":9,"column":5}},"type":"if","locations":[{"start":{"line":7,"column":4},"end":{"line":9,"column":5}},{"start":{},"end":{}}],"line":7}},"s":{"0":1,"1":1,"2":1,"3":0,"4":0,"5":0,"6":0,"7":1,"8":0,"9":0,"10":1,"11":0,"12":0,"13":1},"f":{"0":0,"1":0,"2":0},"b":{"0":[0,0]},"_coverageSchema":"1a1c01bbd47fc00a2c39e90264f33305004495a9","hash":"608a01343600341b2d1b8b5de2184f0a0d7e826e"}
,"/Users/presleyomozuwa/Projects/CommonApp/backend/Structure/AppUser/appuser-service.js": {"path":"/Users/presleyomozuwa/Projects/CommonApp/backend/Structure/AppUser/appuser-service.js","statementMap":{"0":{"start":{"line":1,"column":13},"end":{"line":1,"column":44}},"1":{"start":{"line":2,"column":27},"end":{"line":2,"column":77}},"2":{"start":{"line":6,"column":20},"end":{"line":14,"column":1}},"3":{"start":{"line":7,"column":18},"end":{"line":7,"column":35}},"4":{"start":{"line":9,"column":4},"end":{"line":11,"column":5}},"5":{"start":{"line":10,"column":8},"end":{"line":10,"column":52}},"6":{"start":{"line":13,"column":4},"end":{"line":13,"column":17}},"7":{"start":{"line":17,"column":19},"end":{"line":25,"column":1}},"8":{"start":{"line":18,"column":17},"end":{"line":18,"column":52}},"9":{"start":{"line":20,"column":4},"end":{"line":22,"column":5}},"10":{"start":{"line":21,"column":8},"end":{"line":21,"column":42}},"11":{"start":{"line":24,"column":4},"end":{"line":24,"column":16}},"12":{"start":{"line":28,"column":23},"end":{"line":36,"column":1}},"13":{"start":{"line":29,"column":17},"end":{"line":29,"column":53}},"14":{"start":{"line":31,"column":4},"end":{"line":33,"column":5}},"15":{"start":{"line":32,"column":8},"end":{"line":32,"column":42}},"16":{"start":{"line":35,"column":4},"end":{"line":35,"column":16}},"17":{"start":{"line":39,"column":26},"end":{"line":47,"column":1}},"18":{"start":{"line":40,"column":17},"end":{"line":40,"column":69}},"19":{"start":{"line":42,"column":4},"end":{"line":44,"column":5}},"20":{"start":{"line":43,"column":8},"end":{"line":43,"column":42}},"21":{"start":{"line":46,"column":4},"end":{"line":46,"column":16}},"22":{"start":{"line":51,"column":19},"end":{"line":64,"column":1}},"23":{"start":{"line":52,"column":17},"end":{"line":52,"column":41}},"24":{"start":{"line":53,"column":4},"end":{"line":56,"column":6}},"25":{"start":{"line":58,"column":24},"end":{"line":58,"column":41}},"26":{"start":{"line":60,"column":4},"end":{"line":62,"column":5}},"27":{"start":{"line":61,"column":8},"end":{"line":61,"column":46}},"28":{"start":{"line":63,"column":4},"end":{"line":63,"column":22}},"29":{"start":{"line":66,"column":23},"end":{"line":77,"column":1}},"30":{"start":{"line":67,"column":4},"end":{"line":69,"column":6}},"31":{"start":{"line":71,"column":19},"end":{"line":71,"column":36}},"32":{"start":{"line":73,"column":4},"end":{"line":75,"column":5}},"33":{"start":{"line":74,"column":8},"end":{"line":74,"column":50}},"34":{"start":{"line":76,"column":4},"end":{"line":76,"column":18}},"35":{"start":{"line":79,"column":20},"end":{"line":91,"column":1}},"36":{"start":{"line":80,"column":4},"end":{"line":82,"column":6}},"37":{"start":{"line":84,"column":19},"end":{"line":84,"column":36}},"38":{"start":{"line":86,"column":4},"end":{"line":88,"column":5}},"39":{"start":{"line":87,"column":8},"end":{"line":87,"column":50}},"40":{"start":{"line":90,"column":4},"end":{"line":90,"column":18}},"41":{"start":{"line":93,"column":23},"end":{"line":108,"column":1}},"42":{"start":{"line":95,"column":17},"end":{"line":95,"column":50}},"43":{"start":{"line":97,"column":4},"end":{"line":99,"column":6}},"44":{"start":{"line":101,"column":19},"end":{"line":101,"column":36}},"45":{"start":{"line":103,"column":4},"end":{"line":105,"column":5}},"46":{"start":{"line":104,"column":8},"end":{"line":104,"column":50}},"47":{"start":{"line":107,"column":4},"end":{"line":107,"column":18}},"48":{"start":{"line":112,"column":19},"end":{"line":120,"column":1}},"49":{"start":{"line":113,"column":14},"end":{"line":113,"column":34}},"50":{"start":{"line":114,"column":17},"end":{"line":114,"column":37}},"51":{"start":{"line":115,"column":4},"end":{"line":115,"column":27}},"52":{"start":{"line":116,"column":4},"end":{"line":116,"column":25}},"53":{"start":{"line":117,"column":4},"end":{"line":117,"column":27}},"54":{"start":{"line":119,"column":4},"end":{"line":119,"column":15}},"55":{"start":{"line":123,"column":0},"end":{"line":123,"column":148}}},"fnMap":{"0":{"name":"(anonymous_0)","decl":{"start":{"line":6,"column":20},"end":{"line":6,"column":21}},"loc":{"start":{"line":6,"column":32},"end":{"line":14,"column":1}},"line":6},"1":{"name":"(anonymous_1)","decl":{"start":{"line":17,"column":19},"end":{"line":17,"column":20}},"loc":{"start":{"line":17,"column":37},"end":{"line":25,"column":1}},"line":17},"2":{"name":"(anonymous_2)","decl":{"start":{"line":28,"column":23},"end":{"line":28,"column":24}},"loc":{"start":{"line":28,"column":40},"end":{"line":36,"column":1}},"line":28},"3":{"name":"(anonymous_3)","decl":{"start":{"line":39,"column":26},"end":{"line":39,"column":27}},"loc":{"start":{"line":39,"column":48},"end":{"line":47,"column":1}},"line":39},"4":{"name":"(anonymous_4)","decl":{"start":{"line":51,"column":19},"end":{"line":51,"column":20}},"loc":{"start":{"line":51,"column":46},"end":{"line":64,"column":1}},"line":51},"5":{"name":"(anonymous_5)","decl":{"start":{"line":66,"column":23},"end":{"line":66,"column":24}},"loc":{"start":{"line":66,"column":49},"end":{"line":77,"column":1}},"line":66},"6":{"name":"(anonymous_6)","decl":{"start":{"line":79,"column":20},"end":{"line":79,"column":21}},"loc":{"start":{"line":79,"column":47},"end":{"line":91,"column":1}},"line":79},"7":{"name":"(anonymous_7)","decl":{"start":{"line":93,"column":23},"end":{"line":93,"column":24}},"loc":{"start":{"line":93,"column":52},"end":{"line":108,"column":1}},"line":93},"8":{"name":"(anonymous_8)","decl":{"start":{"line":112,"column":19},"end":{"line":112,"column":20}},"loc":{"start":{"line":112,"column":33},"end":{"line":120,"column":1}},"line":112}},"branchMap":{"0":{"loc":{"start":{"line":9,"column":4},"end":{"line":11,"column":5}},"type":"if","locations":[{"start":{"line":9,"column":4},"end":{"line":11,"column":5}},{"start":{},"end":{}}],"line":9},"1":{"loc":{"start":{"line":20,"column":4},"end":{"line":22,"column":5}},"type":"if","locations":[{"start":{"line":20,"column":4},"end":{"line":22,"column":5}},{"start":{},"end":{}}],"line":20},"2":{"loc":{"start":{"line":31,"column":4},"end":{"line":33,"column":5}},"type":"if","locations":[{"start":{"line":31,"column":4},"end":{"line":33,"column":5}},{"start":{},"end":{}}],"line":31},"3":{"loc":{"start":{"line":42,"column":4},"end":{"line":44,"column":5}},"type":"if","locations":[{"start":{"line":42,"column":4},"end":{"line":44,"column":5}},{"start":{},"end":{}}],"line":42},"4":{"loc":{"start":{"line":60,"column":4},"end":{"line":62,"column":5}},"type":"if","locations":[{"start":{"line":60,"column":4},"end":{"line":62,"column":5}},{"start":{},"end":{}}],"line":60},"5":{"loc":{"start":{"line":73,"column":4},"end":{"line":75,"column":5}},"type":"if","locations":[{"start":{"line":73,"column":4},"end":{"line":75,"column":5}},{"start":{},"end":{}}],"line":73},"6":{"loc":{"start":{"line":86,"column":4},"end":{"line":88,"column":5}},"type":"if","locations":[{"start":{"line":86,"column":4},"end":{"line":88,"column":5}},{"start":{},"end":{}}],"line":86},"7":{"loc":{"start":{"line":103,"column":4},"end":{"line":105,"column":5}},"type":"if","locations":[{"start":{"line":103,"column":4},"end":{"line":105,"column":5}},{"start":{},"end":{}}],"line":103}},"s":{"0":1,"1":1,"2":1,"3":0,"4":0,"5":0,"6":0,"7":1,"8":0,"9":0,"10":0,"11":0,"12":1,"13":0,"14":0,"15":0,"16":0,"17":1,"18":0,"19":0,"20":0,"21":0,"22":1,"23":0,"24":0,"25":0,"26":0,"27":0,"28":0,"29":1,"30":0,"31":0,"32":0,"33":0,"34":0,"35":1,"36":0,"37":0,"38":0,"39":0,"40":0,"41":1,"42":0,"43":0,"44":0,"45":0,"46":0,"47":0,"48":1,"49":0,"50":0,"51":0,"52":0,"53":0,"54":0,"55":1},"f":{"0":0,"1":0,"2":0,"3":0,"4":0,"5":0,"6":0,"7":0,"8":0},"b":{"0":[0,0],"1":[0,0],"2":[0,0],"3":[0,0],"4":[0,0],"5":[0,0],"6":[0,0],"7":[0,0]},"_coverageSchema":"1a1c01bbd47fc00a2c39e90264f33305004495a9","hash":"cac101bb062009d6bef90766a394a1009ee5594e"}
,"/Users/presleyomozuwa/Projects/CommonApp/backend/Structure/Cart_AuthUser/cart-service.js": {"path":"/Users/presleyomozuwa/Projects/CommonApp/backend/Structure/Cart_AuthUser/cart-service.js","statementMap":{"0":{"start":{"line":1,"column":17},"end":{"line":1,"column":50}},"1":{"start":{"line":3,"column":16},"end":{"line":6,"column":1}},"2":{"start":{"line":4,"column":17},"end":{"line":4,"column":53}},"3":{"start":{"line":5,"column":4},"end":{"line":5,"column":16}},"4":{"start":{"line":8,"column":21},"end":{"line":16,"column":1}},"5":{"start":{"line":9,"column":17},"end":{"line":9,"column":53}},"6":{"start":{"line":11,"column":4},"end":{"line":13,"column":5}},"7":{"start":{"line":12,"column":8},"end":{"line":12,"column":42}},"8":{"start":{"line":15,"column":4},"end":{"line":15,"column":16}},"9":{"start":{"line":18,"column":25},"end":{"line":26,"column":1}},"10":{"start":{"line":19,"column":17},"end":{"line":19,"column":74}},"11":{"start":{"line":21,"column":4},"end":{"line":23,"column":5}},"12":{"start":{"line":22,"column":8},"end":{"line":22,"column":42}},"13":{"start":{"line":25,"column":4},"end":{"line":25,"column":16}},"14":{"start":{"line":29,"column":0},"end":{"line":29,"column":60}}},"fnMap":{"0":{"name":"(anonymous_0)","decl":{"start":{"line":3,"column":16},"end":{"line":3,"column":17}},"loc":{"start":{"line":3,"column":34},"end":{"line":6,"column":1}},"line":3},"1":{"name":"(anonymous_1)","decl":{"start":{"line":8,"column":21},"end":{"line":8,"column":22}},"loc":{"start":{"line":8,"column":39},"end":{"line":16,"column":1}},"line":8},"2":{"name":"(anonymous_2)","decl":{"start":{"line":18,"column":25},"end":{"line":18,"column":26}},"loc":{"start":{"line":18,"column":43},"end":{"line":26,"column":1}},"line":18}},"branchMap":{"0":{"loc":{"start":{"line":11,"column":4},"end":{"line":13,"column":5}},"type":"if","locations":[{"start":{"line":11,"column":4},"end":{"line":13,"column":5}},{"start":{},"end":{}}],"line":11},"1":{"loc":{"start":{"line":21,"column":4},"end":{"line":23,"column":5}},"type":"if","locations":[{"start":{"line":21,"column":4},"end":{"line":23,"column":5}},{"start":{},"end":{}}],"line":21}},"s":{"0":1,"1":1,"2":1,"3":1,"4":1,"5":0,"6":0,"7":0,"8":0,"9":1,"10":0,"11":0,"12":0,"13":0,"14":1},"f":{"0":1,"1":0,"2":0},"b":{"0":[0,0],"1":[0,0]},"_coverageSchema":"1a1c01bbd47fc00a2c39e90264f33305004495a9","hash":"14fcc495009d1afbbd981d8015d3e0944427afd2"}
,"/Users/presleyomozuwa/Projects/CommonApp/backend/Structure/MockData/cart-auth-mock.data.js": {"path":"/Users/presleyomozuwa/Projects/CommonApp/backend/Structure/MockData/cart-auth-mock.data.js","statementMap":{"0":{"start":{"line":1,"column":17},"end":{"line":12,"column":1}},"1":{"start":{"line":14,"column":16},"end":{"line":18,"column":1}},"2":{"start":{"line":20,"column":16},"end":{"line":24,"column":1}},"3":{"start":{"line":26,"column":0},"end":{"line":26,"column":47}}},"fnMap":{},"branchMap":{},"s":{"0":1,"1":1,"2":1,"3":1},"f":{},"b":{},"_coverageSchema":"1a1c01bbd47fc00a2c39e90264f33305004495a9","hash":"5d647704b919b5f2d00b607c64fb8ec238c53be2"}
,"/Users/presleyomozuwa/Projects/CommonApp/backend/Structure/MockData/deleted-user-mock-data.js": {"path":"/Users/presleyomozuwa/Projects/CommonApp/backend/Structure/MockData/deleted-user-mock-data.js","statementMap":{"0":{"start":{"line":1,"column":20},"end":{"line":12,"column":1}},"1":{"start":{"line":14,"column":19},"end":{"line":19,"column":1}},"2":{"start":{"line":21,"column":19},"end":{"line":26,"column":1}},"3":{"start":{"line":28,"column":0},"end":{"line":28,"column":56}}},"fnMap":{},"branchMap":{},"s":{"0":1,"1":1,"2":1,"3":1},"f":{},"b":{},"_coverageSchema":"1a1c01bbd47fc00a2c39e90264f33305004495a9","hash":"f23d93a68343c6b764a775efcfea67aafe330b22"}
,"/Users/presleyomozuwa/Projects/CommonApp/backend/Structure/MockData/location-mock-data.js": {"path":"/Users/presleyomozuwa/Projects/CommonApp/backend/Structure/MockData/location-mock-data.js","statementMap":{"0":{"start":{"line":1,"column":21},"end":{"line":12,"column":1}},"1":{"start":{"line":14,"column":17},"end":{"line":19,"column":1}},"2":{"start":{"line":21,"column":0},"end":{"line":21,"column":43}}},"fnMap":{},"branchMap":{},"s":{"0":1,"1":1,"2":1},"f":{},"b":{},"_coverageSchema":"1a1c01bbd47fc00a2c39e90264f33305004495a9","hash":"b0bf46cfe7265e88237585dfb923ae1db2e37938"}
,"/Users/presleyomozuwa/Projects/CommonApp/backend/Structure/MockData/user-mock-data.js": {"path":"/Users/presleyomozuwa/Projects/CommonApp/backend/Structure/MockData/user-mock-data.js","statementMap":{"0":{"start":{"line":1,"column":17},"end":{"line":46,"column":1}},"1":{"start":{"line":48,"column":24},"end":{"line":73,"column":1}},"2":{"start":{"line":75,"column":16},"end":{"line":86,"column":1}},"3":{"start":{"line":88,"column":16},"end":{"line":99,"column":1}},"4":{"start":{"line":102,"column":0},"end":{"line":102,"column":64}}},"fnMap":{},"branchMap":{},"s":{"0":1,"1":1,"2":1,"3":1,"4":1},"f":{},"b":{},"_coverageSchema":"1a1c01bbd47fc00a2c39e90264f33305004495a9","hash":"8424f3d177c8f771823ffc618f06e5646d069d65"}
,"/Users/presleyomozuwa/Projects/CommonApp/backend/Structure/Models/blocked-user-model.js": {"path":"/Users/presleyomozuwa/Projects/CommonApp/backend/Structure/Models/blocked-user-model.js","statementMap":{"0":{"start":{"line":1,"column":17},"end":{"line":1,"column":36}},"1":{"start":{"line":2,"column":26},"end":{"line":2,"column":34}},"2":{"start":{"line":4,"column":26},"end":{"line":19,"column":23}},"3":{"start":{"line":21,"column":20},"end":{"line":21,"column":58}},"4":{"start":{"line":23,"column":0},"end":{"line":23,"column":29}}},"fnMap":{},"branchMap":{},"s":{"0":1,"1":1,"2":1,"3":1,"4":1},"f":{},"b":{},"_coverageSchema":"1a1c01bbd47fc00a2c39e90264f33305004495a9","hash":"1d87a5da442769e7f52f2b5d39967132db16b785"}
,"/Users/presleyomozuwa/Projects/CommonApp/backend/Structure/Models/common-model.js": {"path":"/Users/presleyomozuwa/Projects/CommonApp/backend/Structure/Models/common-model.js","statementMap":{"0":{"start":{"line":1,"column":17},"end":{"line":1,"column":36}},"1":{"start":{"line":2,"column":26},"end":{"line":2,"column":34}},"2":{"start":{"line":3,"column":21},"end":{"line":3,"column":33}},"3":{"start":{"line":5,"column":22},"end":{"line":67,"column":25}},"4":{"start":{"line":70,"column":16},"end":{"line":70,"column":47}},"5":{"start":{"line":72,"column":19},"end":{"line":79,"column":2}},"6":{"start":{"line":81,"column":13},"end":{"line":81,"column":38}},"7":{"start":{"line":84,"column":22},"end":{"line":93,"column":2}},"8":{"start":{"line":95,"column":16},"end":{"line":95,"column":47}},"9":{"start":{"line":98,"column":23},"end":{"line":116,"column":23}},"10":{"start":{"line":118,"column":17},"end":{"line":118,"column":50}},"11":{"start":{"line":121,"column":30},"end":{"line":140,"column":23}},"12":{"start":{"line":143,"column":18},"end":{"line":175,"column":23}},"13":{"start":{"line":177,"column":21},"end":{"line":177,"column":53}},"14":{"start":{"line":180,"column":20},"end":{"line":233,"column":23}},"15":{"start":{"line":235,"column":14},"end":{"line":235,"column":41}},"16":{"start":{"line":238,"column":27},"end":{"line":243,"column":24}},"17":{"start":{"line":245,"column":21},"end":{"line":245,"column":62}},"18":{"start":{"line":248,"column":25},"end":{"line":255,"column":24}},"19":{"start":{"line":257,"column":19},"end":{"line":257,"column":56}},"20":{"start":{"line":260,"column":0},"end":{"line":260,"column":100}}},"fnMap":{},"branchMap":{},"s":{"0":1,"1":1,"2":1,"3":1,"4":1,"5":1,"6":1,"7":1,"8":1,"9":1,"10":1,"11":1,"12":1,"13":1,"14":1,"15":1,"16":1,"17":1,"18":1,"19":1,"20":1},"f":{},"b":{},"_coverageSchema":"1a1c01bbd47fc00a2c39e90264f33305004495a9","hash":"2659e8df1cb66b612c0224d02590dfd743101ff2"}
,"/Users/presleyomozuwa/Projects/CommonApp/backend/Structure/Models/deleted-user-model.js": {"path":"/Users/presleyomozuwa/Projects/CommonApp/backend/Structure/Models/deleted-user-model.js","statementMap":{"0":{"start":{"line":1,"column":17},"end":{"line":1,"column":36}},"1":{"start":{"line":2,"column":26},"end":{"line":2,"column":34}},"2":{"start":{"line":4,"column":26},"end":{"line":18,"column":23}},"3":{"start":{"line":20,"column":20},"end":{"line":20,"column":59}},"4":{"start":{"line":22,"column":0},"end":{"line":22,"column":29}}},"fnMap":{},"branchMap":{},"s":{"0":1,"1":1,"2":1,"3":1,"4":1},"f":{},"b":{},"_coverageSchema":"1a1c01bbd47fc00a2c39e90264f33305004495a9","hash":"e21ab0b52618899ed59db6ae040cf4f07f5e2dd8"}
,"/Users/presleyomozuwa/Projects/CommonApp/backend/Structure/Models/location-tracker-model.js": {"path":"/Users/presleyomozuwa/Projects/CommonApp/backend/Structure/Models/location-tracker-model.js","statementMap":{"0":{"start":{"line":1,"column":17},"end":{"line":1,"column":36}},"1":{"start":{"line":2,"column":26},"end":{"line":2,"column":34}},"2":{"start":{"line":4,"column":30},"end":{"line":17,"column":23}},"3":{"start":{"line":19,"column":24},"end":{"line":19,"column":71}},"4":{"start":{"line":21,"column":0},"end":{"line":21,"column":33}}},"fnMap":{},"branchMap":{},"s":{"0":1,"1":1,"2":1,"3":1,"4":1},"f":{},"b":{},"_coverageSchema":"1a1c01bbd47fc00a2c39e90264f33305004495a9","hash":"bf20e42f35c9bc97794f231bb455f6247a84a022"}
,"/Users/presleyomozuwa/Projects/CommonApp/backend/Structure/Models/oldemail-model.js": {"path":"/Users/presleyomozuwa/Projects/CommonApp/backend/Structure/Models/oldemail-model.js","statementMap":{"0":{"start":{"line":1,"column":17},"end":{"line":1,"column":36}},"1":{"start":{"line":2,"column":26},"end":{"line":2,"column":34}},"2":{"start":{"line":4,"column":27},"end":{"line":14,"column":23}},"3":{"start":{"line":16,"column":21},"end":{"line":16,"column":62}},"4":{"start":{"line":18,"column":0},"end":{"line":18,"column":30}}},"fnMap":{},"branchMap":{},"s":{"0":1,"1":1,"2":1,"3":1,"4":1},"f":{},"b":{},"_coverageSchema":"1a1c01bbd47fc00a2c39e90264f33305004495a9","hash":"170aa7830e329db082bd848b7228bf1db85e4112"}
,"/Users/presleyomozuwa/Projects/CommonApp/backend/Structure/Models/refreshToken-model.js": {"path":"/Users/presleyomozuwa/Projects/CommonApp/backend/Structure/Models/refreshToken-model.js","statementMap":{"0":{"start":{"line":1,"column":17},"end":{"line":1,"column":36}},"1":{"start":{"line":2,"column":26},"end":{"line":2,"column":34}},"2":{"start":{"line":3,"column":21},"end":{"line":3,"column":33}},"3":{"start":{"line":5,"column":27},"end":{"line":14,"column":23}},"4":{"start":{"line":16,"column":21},"end":{"line":16,"column":62}},"5":{"start":{"line":18,"column":0},"end":{"line":18,"column":29}}},"fnMap":{},"branchMap":{},"s":{"0":1,"1":1,"2":1,"3":1,"4":1,"5":1},"f":{},"b":{},"_coverageSchema":"1a1c01bbd47fc00a2c39e90264f33305004495a9","hash":"748776516798373e52cbb1b4ad3810dbaa4731a4"}
,"/Users/presleyomozuwa/Projects/CommonApp/backend/Structure/Models/user-model.js": {"path":"/Users/presleyomozuwa/Projects/CommonApp/backend/Structure/Models/user-model.js","statementMap":{"0":{"start":{"line":1,"column":17},"end":{"line":1,"column":36}},"1":{"start":{"line":2,"column":26},"end":{"line":2,"column":34}},"2":{"start":{"line":3,"column":73},"end":{"line":3,"column":98}},"3":{"start":{"line":4,"column":21},"end":{"line":4,"column":52}},"4":{"start":{"line":7,"column":19},"end":{"line":54,"column":23}},"5":{"start":{"line":56,"column":0},"end":{"line":66,"column":3}},"6":{"start":{"line":57,"column":4},"end":{"line":65,"column":6}},"7":{"start":{"line":69,"column":13},"end":{"line":69,"column":38}},"8":{"start":{"line":71,"column":0},"end":{"line":71,"column":22}}},"fnMap":{"0":{"name":"(anonymous_0)","decl":{"start":{"line":56,"column":61},"end":{"line":56,"column":62}},"loc":{"start":{"line":56,"column":77},"end":{"line":66,"column":1}},"line":56}},"branchMap":{},"s":{"0":1,"1":1,"2":1,"3":1,"4":1,"5":1,"6":0,"7":1,"8":1},"f":{"0":0},"b":{},"_coverageSchema":"1a1c01bbd47fc00a2c39e90264f33305004495a9","hash":"f3de848ac6469f4d6e37eee2d1ce00c04515b197"}
,"/Users/presleyomozuwa/Projects/CommonApp/backend/Structure/Order_Archive/order-archive-service.js": {"path":"/Users/presleyomozuwa/Projects/CommonApp/backend/Structure/Order_Archive/order-archive-service.js","statementMap":{"0":{"start":{"line":1,"column":25},"end":{"line":1,"column":58}},"1":{"start":{"line":3,"column":24},"end":{"line":6,"column":1}},"2":{"start":{"line":4,"column":25},"end":{"line":4,"column":69}},"3":{"start":{"line":5,"column":4},"end":{"line":5,"column":24}},"4":{"start":{"line":9,"column":29},"end":{"line":17,"column":1}},"5":{"start":{"line":10,"column":25},"end":{"line":10,"column":69}},"6":{"start":{"line":12,"column":4},"end":{"line":14,"column":5}},"7":{"start":{"line":13,"column":8},"end":{"line":13,"column":51}},"8":{"start":{"line":16,"column":4},"end":{"line":16,"column":24}},"9":{"start":{"line":20,"column":0},"end":{"line":20,"column":58}}},"fnMap":{"0":{"name":"(anonymous_0)","decl":{"start":{"line":3,"column":24},"end":{"line":3,"column":25}},"loc":{"start":{"line":3,"column":42},"end":{"line":6,"column":1}},"line":3},"1":{"name":"(anonymous_1)","decl":{"start":{"line":9,"column":29},"end":{"line":9,"column":30}},"loc":{"start":{"line":9,"column":47},"end":{"line":17,"column":1}},"line":9}},"branchMap":{"0":{"loc":{"start":{"line":12,"column":4},"end":{"line":14,"column":5}},"type":"if","locations":[{"start":{"line":12,"column":4},"end":{"line":14,"column":5}},{"start":{},"end":{}}],"line":12}},"s":{"0":1,"1":1,"2":0,"3":0,"4":1,"5":0,"6":0,"7":0,"8":0,"9":1},"f":{"0":0,"1":0},"b":{"0":[0,0]},"_coverageSchema":"1a1c01bbd47fc00a2c39e90264f33305004495a9","hash":"91fe1a8182d6ad8418117297403b2e288309b900"}
,"/Users/presleyomozuwa/Projects/CommonApp/backend/Structure/Register/register-helper.js": {"path":"/Users/presleyomozuwa/Projects/CommonApp/backend/Structure/Register/register-helper.js","statementMap":{"0":{"start":{"line":1,"column":15},"end":{"line":1,"column":56}},"1":{"start":{"line":3,"column":23},"end":{"line":8,"column":1}},"2":{"start":{"line":4,"column":21},"end":{"line":6,"column":6}},"3":{"start":{"line":7,"column":4},"end":{"line":7,"column":20}},"4":{"start":{"line":10,"column":0},"end":{"line":10,"column":35}}},"fnMap":{"0":{"name":"(anonymous_0)","decl":{"start":{"line":3,"column":23},"end":{"line":3,"column":24}},"loc":{"start":{"line":3,"column":40},"end":{"line":8,"column":1}},"line":3}},"branchMap":{},"s":{"0":1,"1":1,"2":0,"3":0,"4":1},"f":{"0":0},"b":{},"_coverageSchema":"1a1c01bbd47fc00a2c39e90264f33305004495a9","hash":"8912e9db9c969ad63cef544ade8cfa51c5277468"}
,"/Users/presleyomozuwa/Projects/CommonApp/backend/Structure/Register/register-service.js": {"path":"/Users/presleyomozuwa/Projects/CommonApp/backend/Structure/Register/register-service.js","statementMap":{"0":{"start":{"line":1,"column":16},"end":{"line":1,"column":34}},"1":{"start":{"line":2,"column":0},"end":{"line":2,"column":54}},"2":{"start":{"line":3,"column":15},"end":{"line":3,"column":32}},"3":{"start":{"line":4,"column":13},"end":{"line":4,"column":44}},"4":{"start":{"line":5,"column":20},"end":{"line":5,"column":59}},"5":{"start":{"line":6,"column":29},"end":{"line":6,"column":74}},"6":{"start":{"line":7,"column":27},"end":{"line":7,"column":55}},"7":{"start":{"line":8,"column":41},"end":{"line":8,"column":78}},"8":{"start":{"line":10,"column":17},"end":{"line":68,"column":1}},"9":{"start":{"line":11,"column":14},"end":{"line":11,"column":16}},"10":{"start":{"line":13,"column":4},"end":{"line":15,"column":5}},"11":{"start":{"line":14,"column":8},"end":{"line":14,"column":42}},"12":{"start":{"line":19,"column":29},"end":{"line":19,"column":63}},"13":{"start":{"line":21,"column":4},"end":{"line":23,"column":5}},"14":{"start":{"line":22,"column":8},"end":{"line":22,"column":39}},"15":{"start":{"line":26,"column":4},"end":{"line":65,"column":5}},"16":{"start":{"line":27,"column":27},"end":{"line":27,"column":76}},"17":{"start":{"line":29,"column":8},"end":{"line":31,"column":9}},"18":{"start":{"line":30,"column":12},"end":{"line":30,"column":68}},"19":{"start":{"line":33,"column":21},"end":{"line":33,"column":63}},"20":{"start":{"line":34,"column":8},"end":{"line":36,"column":9}},"21":{"start":{"line":35,"column":12},"end":{"line":35,"column":52}},"22":{"start":{"line":39,"column":31},"end":{"line":39,"column":68}},"23":{"start":{"line":41,"column":8},"end":{"line":43,"column":9}},"24":{"start":{"line":42,"column":12},"end":{"line":42,"column":65}},"25":{"start":{"line":46,"column":25},"end":{"line":46,"column":58}},"26":{"start":{"line":49,"column":27},"end":{"line":56,"column":10}},"27":{"start":{"line":59,"column":8},"end":{"line":61,"column":9}},"28":{"start":{"line":60,"column":12},"end":{"line":60,"column":58}},"29":{"start":{"line":63,"column":8},"end":{"line":63,"column":36}},"30":{"start":{"line":67,"column":4},"end":{"line":67,"column":15}},"31":{"start":{"line":71,"column":0},"end":{"line":71,"column":46}}},"fnMap":{"0":{"name":"(anonymous_0)","decl":{"start":{"line":10,"column":17},"end":{"line":10,"column":18}},"loc":{"start":{"line":10,"column":36},"end":{"line":68,"column":1}},"line":10}},"branchMap":{"0":{"loc":{"start":{"line":13,"column":4},"end":{"line":15,"column":5}},"type":"if","locations":[{"start":{"line":13,"column":4},"end":{"line":15,"column":5}},{"start":{},"end":{}}],"line":13},"1":{"loc":{"start":{"line":13,"column":8},"end":{"line":13,"column":48}},"type":"binary-expr","locations":[{"start":{"line":13,"column":8},"end":{"line":13,"column":16}},{"start":{"line":13,"column":20},"end":{"line":13,"column":48}}],"line":13},"2":{"loc":{"start":{"line":21,"column":4},"end":{"line":23,"column":5}},"type":"if","locations":[{"start":{"line":21,"column":4},"end":{"line":23,"column":5}},{"start":{},"end":{}}],"line":21},"3":{"loc":{"start":{"line":26,"column":4},"end":{"line":65,"column":5}},"type":"if","locations":[{"start":{"line":26,"column":4},"end":{"line":65,"column":5}},{"start":{},"end":{}}],"line":26},"4":{"loc":{"start":{"line":29,"column":8},"end":{"line":31,"column":9}},"type":"if","locations":[{"start":{"line":29,"column":8},"end":{"line":31,"column":9}},{"start":{},"end":{}}],"line":29},"5":{"loc":{"start":{"line":29,"column":12},"end":{"line":29,"column":55}},"type":"binary-expr","locations":[{"start":{"line":29,"column":12},"end":{"line":29,"column":22}},{"start":{"line":29,"column":26},"end":{"line":29,"column":55}}],"line":29},"6":{"loc":{"start":{"line":34,"column":8},"end":{"line":36,"column":9}},"type":"if","locations":[{"start":{"line":34,"column":8},"end":{"line":36,"column":9}},{"start":{},"end":{}}],"line":34},"7":{"loc":{"start":{"line":34,"column":12},"end":{"line":34,"column":43}},"type":"binary-expr","locations":[{"start":{"line":34,"column":12},"end":{"line":34,"column":16}},{"start":{"line":34,"column":20},"end":{"line":34,"column":43}}],"line":34},"8":{"loc":{"start":{"line":41,"column":8},"end":{"line":43,"column":9}},"type":"if","locations":[{"start":{"line":41,"column":8},"end":{"line":43,"column":9}},{"start":{},"end":{}}],"line":41},"9":{"loc":{"start":{"line":59,"column":8},"end":{"line":61,"column":9}},"type":"if","locations":[{"start":{"line":59,"column":8},"end":{"line":61,"column":9}},{"start":{},"end":{}}],"line":59},"10":{"loc":{"start":{"line":59,"column":12},"end":{"line":59,"column":58}},"type":"binary-expr","locations":[{"start":{"line":59,"column":12},"end":{"line":59,"column":23}},{"start":{"line":59,"column":27},"end":{"line":59,"column":58}}],"line":59}},"s":{"0":1,"1":1,"2":1,"3":1,"4":1,"5":1,"6":1,"7":1,"8":1,"9":9,"10":9,"11":1,"12":8,"13":8,"14":1,"15":7,"16":7,"17":7,"18":1,"19":6,"20":6,"21":1,"22":5,"23":5,"24":1,"25":4,"26":4,"27":4,"28":1,"29":3,"30":3,"31":1},"f":{"0":9},"b":{"0":[1,8],"1":[9,9],"2":[1,7],"3":[7,0],"4":[1,6],"5":[7,1],"6":[1,5],"7":[6,1],"8":[1,4],"9":[1,3],"10":[4,3]},"_coverageSchema":"1a1c01bbd47fc00a2c39e90264f33305004495a9","hash":"8818c8879f67528671ba2eddfd4d753a7553c522"}
,"/Users/presleyomozuwa/Projects/CommonApp/backend/Structure/Utils/cart-util.js": {"path":"/Users/presleyomozuwa/Projects/CommonApp/backend/Structure/Utils/cart-util.js","statementMap":{"0":{"start":{"line":1,"column":20},"end":{"line":1,"column":60}},"1":{"start":{"line":2,"column":17},"end":{"line":2,"column":50}},"2":{"start":{"line":3,"column":26},"end":{"line":3,"column":56}},"3":{"start":{"line":6,"column":25},"end":{"line":20,"column":1}},"4":{"start":{"line":8,"column":17},"end":{"line":8,"column":40}},"5":{"start":{"line":9,"column":4},"end":{"line":16,"column":5}},"6":{"start":{"line":10,"column":8},"end":{"line":12,"column":10}},"7":{"start":{"line":15,"column":8},"end":{"line":15,"column":52}},"8":{"start":{"line":18,"column":4},"end":{"line":18,"column":23}},"9":{"start":{"line":22,"column":25},"end":{"line":28,"column":1}},"10":{"start":{"line":23,"column":4},"end":{"line":27,"column":6}},"11":{"start":{"line":30,"column":30},"end":{"line":36,"column":1}},"12":{"start":{"line":31,"column":4},"end":{"line":35,"column":6}},"13":{"start":{"line":38,"column":38},"end":{"line":44,"column":1}},"14":{"start":{"line":39,"column":4},"end":{"line":43,"column":6}},"15":{"start":{"line":46,"column":31},"end":{"line":53,"column":1}},"16":{"start":{"line":47,"column":4},"end":{"line":52,"column":5}},"17":{"start":{"line":48,"column":8},"end":{"line":51,"column":10}},"18":{"start":{"line":49,"column":25},"end":{"line":49,"column":59}},"19":{"start":{"line":50,"column":12},"end":{"line":50,"column":67}},"20":{"start":{"line":57,"column":0},"end":{"line":57,"column":102}}},"fnMap":{"0":{"name":"(anonymous_0)","decl":{"start":{"line":6,"column":25},"end":{"line":6,"column":26}},"loc":{"start":{"line":6,"column":41},"end":{"line":20,"column":1}},"line":6},"1":{"name":"(anonymous_1)","decl":{"start":{"line":22,"column":25},"end":{"line":22,"column":26}},"loc":{"start":{"line":22,"column":52},"end":{"line":28,"column":1}},"line":22},"2":{"name":"(anonymous_2)","decl":{"start":{"line":30,"column":30},"end":{"line":30,"column":31}},"loc":{"start":{"line":30,"column":57},"end":{"line":36,"column":1}},"line":30},"3":{"name":"(anonymous_3)","decl":{"start":{"line":38,"column":38},"end":{"line":38,"column":39}},"loc":{"start":{"line":38,"column":72},"end":{"line":44,"column":1}},"line":38},"4":{"name":"(anonymous_4)","decl":{"start":{"line":46,"column":31},"end":{"line":46,"column":32}},"loc":{"start":{"line":46,"column":63},"end":{"line":53,"column":1}},"line":46},"5":{"name":"(anonymous_5)","decl":{"start":{"line":48,"column":25},"end":{"line":48,"column":26}},"loc":{"start":{"line":48,"column":44},"end":{"line":51,"column":9}},"line":48}},"branchMap":{"0":{"loc":{"start":{"line":9,"column":4},"end":{"line":16,"column":5}},"type":"if","locations":[{"start":{"line":9,"column":4},"end":{"line":16,"column":5}},{"start":{"line":14,"column":9},"end":{"line":16,"column":5}}],"line":9},"1":{"loc":{"start":{"line":9,"column":8},"end":{"line":9,"column":42}},"type":"binary-expr","locations":[{"start":{"line":9,"column":8},"end":{"line":9,"column":13}},{"start":{"line":9,"column":17},"end":{"line":9,"column":42}}],"line":9},"2":{"loc":{"start":{"line":47,"column":4},"end":{"line":52,"column":5}},"type":"if","locations":[{"start":{"line":47,"column":4},"end":{"line":52,"column":5}},{"start":{},"end":{}}],"line":47}},"s":{"0":1,"1":1,"2":1,"3":1,"4":1,"5":1,"6":1,"7":0,"8":1,"9":1,"10":0,"11":1,"12":0,"13":1,"14":0,"15":1,"16":0,"17":0,"18":0,"19":0,"20":1},"f":{"0":1,"1":0,"2":0,"3":0,"4":0,"5":0},"b":{"0":[1,0],"1":[1,0],"2":[0,0]},"_coverageSchema":"1a1c01bbd47fc00a2c39e90264f33305004495a9","hash":"8103091774bc34f51a1be58cee25c2493b2df59b"}
,"/Users/presleyomozuwa/Projects/CommonApp/backend/Structure/Utils/obj-checker-utils.js": {"path":"/Users/presleyomozuwa/Projects/CommonApp/backend/Structure/Utils/obj-checker-utils.js","statementMap":{"0":{"start":{"line":2,"column":22},"end":{"line":9,"column":1}},"1":{"start":{"line":4,"column":16},"end":{"line":4,"column":34}},"2":{"start":{"line":5,"column":4},"end":{"line":7,"column":5}},"3":{"start":{"line":6,"column":8},"end":{"line":6,"column":15}},"4":{"start":{"line":8,"column":4},"end":{"line":8,"column":15}},"5":{"start":{"line":11,"column":22},"end":{"line":18,"column":1}},"6":{"start":{"line":13,"column":16},"end":{"line":13,"column":34}},"7":{"start":{"line":14,"column":4},"end":{"line":16,"column":5}},"8":{"start":{"line":15,"column":8},"end":{"line":15,"column":25}},"9":{"start":{"line":17,"column":4},"end":{"line":17,"column":15}},"10":{"start":{"line":21,"column":0},"end":{"line":21,"column":49}}},"fnMap":{"0":{"name":"(anonymous_0)","decl":{"start":{"line":2,"column":22},"end":{"line":2,"column":23}},"loc":{"start":{"line":2,"column":31},"end":{"line":9,"column":1}},"line":2},"1":{"name":"(anonymous_1)","decl":{"start":{"line":11,"column":22},"end":{"line":11,"column":23}},"loc":{"start":{"line":11,"column":31},"end":{"line":18,"column":1}},"line":11}},"branchMap":{"0":{"loc":{"start":{"line":5,"column":4},"end":{"line":7,"column":5}},"type":"if","locations":[{"start":{"line":5,"column":4},"end":{"line":7,"column":5}},{"start":{},"end":{}}],"line":5},"1":{"loc":{"start":{"line":14,"column":4},"end":{"line":16,"column":5}},"type":"if","locations":[{"start":{"line":14,"column":4},"end":{"line":16,"column":5}},{"start":{},"end":{}}],"line":14}},"s":{"0":1,"1":12,"2":12,"3":1,"4":12,"5":1,"6":2,"7":2,"8":2,"9":2,"10":1},"f":{"0":12,"1":2},"b":{"0":[1,11],"1":[2,0]},"_coverageSchema":"1a1c01bbd47fc00a2c39e90264f33305004495a9","hash":"cbf5399295cbef6f3c3bd0670253ef1695598c34"}
,"/Users/presleyomozuwa/Projects/CommonApp/backend/Structure/Utils/register-validation-utils.js": {"path":"/Users/presleyomozuwa/Projects/CommonApp/backend/Structure/Utils/register-validation-utils.js","statementMap":{"0":{"start":{"line":1,"column":16},"end":{"line":1,"column":34}},"1":{"start":{"line":2,"column":12},"end":{"line":2,"column":26}},"2":{"start":{"line":4,"column":25},"end":{"line":23,"column":2}},"3":{"start":{"line":25,"column":0},"end":{"line":25,"column":38}}},"fnMap":{},"branchMap":{},"s":{"0":1,"1":1,"2":1,"3":1},"f":{},"b":{},"_coverageSchema":"1a1c01bbd47fc00a2c39e90264f33305004495a9","hash":"d57ca382842e8d3e4ffccf6ac8de6a21960f9bc1"}
,"/Users/presleyomozuwa/Projects/CommonApp/backend/Structure/Utils/user-utils.js": {"path":"/Users/presleyomozuwa/Projects/CommonApp/backend/Structure/Utils/user-utils.js","statementMap":{"0":{"start":{"line":1,"column":24},"end":{"line":1,"column":67}},"1":{"start":{"line":2,"column":20},"end":{"line":2,"column":59}},"2":{"start":{"line":3,"column":20},"end":{"line":3,"column":59}},"3":{"start":{"line":4,"column":23},"end":{"line":4,"column":60}},"4":{"start":{"line":5,"column":33},"end":{"line":5,"column":82}},"5":{"start":{"line":9,"column":24},"end":{"line":23,"column":1}},"6":{"start":{"line":10,"column":28},"end":{"line":10,"column":79}},"7":{"start":{"line":12,"column":4},"end":{"line":22,"column":5}},"8":{"start":{"line":13,"column":23},"end":{"line":17,"column":10}},"9":{"start":{"line":18,"column":8},"end":{"line":18,"column":22}},"10":{"start":{"line":21,"column":8},"end":{"line":21,"column":56}},"11":{"start":{"line":26,"column":27},"end":{"line":32,"column":1}},"12":{"start":{"line":27,"column":21},"end":{"line":27,"column":79}},"13":{"start":{"line":29,"column":4},"end":{"line":31,"column":5}},"14":{"start":{"line":30,"column":8},"end":{"line":30,"column":35}},"15":{"start":{"line":35,"column":29},"end":{"line":45,"column":1}},"16":{"start":{"line":36,"column":21},"end":{"line":36,"column":45}},"17":{"start":{"line":38,"column":4},"end":{"line":40,"column":5}},"18":{"start":{"line":39,"column":8},"end":{"line":39,"column":47}},"19":{"start":{"line":42,"column":4},"end":{"line":44,"column":6}},"20":{"start":{"line":43,"column":8},"end":{"line":43,"column":31}},"21":{"start":{"line":47,"column":27},"end":{"line":57,"column":1}},"22":{"start":{"line":48,"column":24},"end":{"line":48,"column":55}},"23":{"start":{"line":50,"column":4},"end":{"line":52,"column":5}},"24":{"start":{"line":51,"column":8},"end":{"line":51,"column":47}},"25":{"start":{"line":54,"column":4},"end":{"line":56,"column":6}},"26":{"start":{"line":55,"column":8},"end":{"line":55,"column":34}},"27":{"start":{"line":61,"column":24},"end":{"line":71,"column":1}},"28":{"start":{"line":62,"column":20},"end":{"line":62,"column":74}},"29":{"start":{"line":64,"column":4},"end":{"line":70,"column":5}},"30":{"start":{"line":65,"column":8},"end":{"line":69,"column":10}},"31":{"start":{"line":74,"column":25},"end":{"line":95,"column":1}},"32":{"start":{"line":75,"column":14},"end":{"line":75,"column":16}},"33":{"start":{"line":77,"column":17},"end":{"line":77,"column":41}},"34":{"start":{"line":79,"column":24},"end":{"line":79,"column":71}},"35":{"start":{"line":81,"column":4},"end":{"line":83,"column":5}},"36":{"start":{"line":82,"column":8},"end":{"line":82,"column":48}},"37":{"start":{"line":85,"column":4},"end":{"line":89,"column":7}},"38":{"start":{"line":91,"column":4},"end":{"line":91,"column":26}},"39":{"start":{"line":93,"column":4},"end":{"line":93,"column":15}},"40":{"start":{"line":98,"column":27},"end":{"line":115,"column":1}},"41":{"start":{"line":99,"column":14},"end":{"line":99,"column":16}},"42":{"start":{"line":101,"column":17},"end":{"line":101,"column":41}},"43":{"start":{"line":103,"column":24},"end":{"line":103,"column":71}},"44":{"start":{"line":105,"column":4},"end":{"line":107,"column":5}},"45":{"start":{"line":106,"column":8},"end":{"line":106,"column":50}},"46":{"start":{"line":109,"column":4},"end":{"line":109,"column":34}},"47":{"start":{"line":111,"column":4},"end":{"line":111,"column":28}},"48":{"start":{"line":113,"column":4},"end":{"line":113,"column":15}},"49":{"start":{"line":117,"column":31},"end":{"line":129,"column":1}},"50":{"start":{"line":118,"column":25},"end":{"line":118,"column":59}},"51":{"start":{"line":120,"column":4},"end":{"line":122,"column":5}},"52":{"start":{"line":121,"column":8},"end":{"line":121,"column":54}},"53":{"start":{"line":124,"column":4},"end":{"line":126,"column":6}},"54":{"start":{"line":128,"column":4},"end":{"line":128,"column":30}},"55":{"start":{"line":134,"column":0},"end":{"line":134,"column":177}}},"fnMap":{"0":{"name":"(anonymous_0)","decl":{"start":{"line":9,"column":24},"end":{"line":9,"column":25}},"loc":{"start":{"line":9,"column":51},"end":{"line":23,"column":1}},"line":9},"1":{"name":"(anonymous_1)","decl":{"start":{"line":26,"column":27},"end":{"line":26,"column":28}},"loc":{"start":{"line":26,"column":50},"end":{"line":32,"column":1}},"line":26},"2":{"name":"(anonymous_2)","decl":{"start":{"line":35,"column":29},"end":{"line":35,"column":30}},"loc":{"start":{"line":35,"column":41},"end":{"line":45,"column":1}},"line":35},"3":{"name":"(anonymous_3)","decl":{"start":{"line":42,"column":21},"end":{"line":42,"column":22}},"loc":{"start":{"line":42,"column":37},"end":{"line":44,"column":5}},"line":42},"4":{"name":"(anonymous_4)","decl":{"start":{"line":47,"column":27},"end":{"line":47,"column":28}},"loc":{"start":{"line":47,"column":39},"end":{"line":57,"column":1}},"line":47},"5":{"name":"(anonymous_5)","decl":{"start":{"line":54,"column":24},"end":{"line":54,"column":25}},"loc":{"start":{"line":54,"column":44},"end":{"line":56,"column":5}},"line":54},"6":{"name":"(anonymous_6)","decl":{"start":{"line":61,"column":24},"end":{"line":61,"column":25}},"loc":{"start":{"line":61,"column":47},"end":{"line":71,"column":1}},"line":61},"7":{"name":"(anonymous_7)","decl":{"start":{"line":74,"column":25},"end":{"line":74,"column":26}},"loc":{"start":{"line":74,"column":43},"end":{"line":95,"column":1}},"line":74},"8":{"name":"(anonymous_8)","decl":{"start":{"line":98,"column":27},"end":{"line":98,"column":28}},"loc":{"start":{"line":98,"column":45},"end":{"line":115,"column":1}},"line":98},"9":{"name":"(anonymous_9)","decl":{"start":{"line":117,"column":31},"end":{"line":117,"column":32}},"loc":{"start":{"line":117,"column":49},"end":{"line":129,"column":1}},"line":117}},"branchMap":{"0":{"loc":{"start":{"line":12,"column":4},"end":{"line":22,"column":5}},"type":"if","locations":[{"start":{"line":12,"column":4},"end":{"line":22,"column":5}},{"start":{"line":20,"column":9},"end":{"line":22,"column":5}}],"line":12},"1":{"loc":{"start":{"line":12,"column":8},"end":{"line":12,"column":71}},"type":"binary-expr","locations":[{"start":{"line":12,"column":8},"end":{"line":12,"column":24}},{"start":{"line":12,"column":28},"end":{"line":12,"column":71}}],"line":12},"2":{"loc":{"start":{"line":16,"column":24},"end":{"line":16,"column":68}},"type":"cond-expr","locations":[{"start":{"line":16,"column":36},"end":{"line":16,"column":45}},{"start":{"line":16,"column":48},"end":{"line":16,"column":68}}],"line":16},"3":{"loc":{"start":{"line":29,"column":4},"end":{"line":31,"column":5}},"type":"if","locations":[{"start":{"line":29,"column":4},"end":{"line":31,"column":5}},{"start":{},"end":{}}],"line":29},"4":{"loc":{"start":{"line":38,"column":4},"end":{"line":40,"column":5}},"type":"if","locations":[{"start":{"line":38,"column":4},"end":{"line":40,"column":5}},{"start":{},"end":{}}],"line":38},"5":{"loc":{"start":{"line":50,"column":4},"end":{"line":52,"column":5}},"type":"if","locations":[{"start":{"line":50,"column":4},"end":{"line":52,"column":5}},{"start":{},"end":{}}],"line":50},"6":{"loc":{"start":{"line":64,"column":4},"end":{"line":70,"column":5}},"type":"if","locations":[{"start":{"line":64,"column":4},"end":{"line":70,"column":5}},{"start":{},"end":{}}],"line":64},"7":{"loc":{"start":{"line":81,"column":4},"end":{"line":83,"column":5}},"type":"if","locations":[{"start":{"line":81,"column":4},"end":{"line":83,"column":5}},{"start":{},"end":{}}],"line":81},"8":{"loc":{"start":{"line":105,"column":4},"end":{"line":107,"column":5}},"type":"if","locations":[{"start":{"line":105,"column":4},"end":{"line":107,"column":5}},{"start":{},"end":{}}],"line":105},"9":{"loc":{"start":{"line":120,"column":4},"end":{"line":122,"column":5}},"type":"if","locations":[{"start":{"line":120,"column":4},"end":{"line":122,"column":5}},{"start":{},"end":{}}],"line":120}},"s":{"0":1,"1":1,"2":1,"3":1,"4":1,"5":1,"6":1,"7":1,"8":1,"9":1,"10":0,"11":1,"12":0,"13":0,"14":0,"15":1,"16":0,"17":0,"18":0,"19":0,"20":0,"21":1,"22":0,"23":0,"24":0,"25":0,"26":0,"27":1,"28":0,"29":0,"30":0,"31":1,"32":0,"33":0,"34":0,"35":0,"36":0,"37":0,"38":0,"39":0,"40":1,"41":0,"42":0,"43":0,"44":0,"45":0,"46":0,"47":0,"48":0,"49":1,"50":0,"51":0,"52":0,"53":0,"54":0,"55":1},"f":{"0":1,"1":0,"2":0,"3":0,"4":0,"5":0,"6":0,"7":0,"8":0,"9":0},"b":{"0":[1,0],"1":[1,0],"2":[1,0],"3":[0,0],"4":[0,0],"5":[0,0],"6":[0,0],"7":[0,0],"8":[0,0],"9":[0,0]},"_coverageSchema":"1a1c01bbd47fc00a2c39e90264f33305004495a9","hash":"f3f4b4af74a36e615265c31db9d1b1a2b7ad3407"}
,"/Users/presleyomozuwa/Projects/CommonApp/backend/config/connector.js": {"path":"/Users/presleyomozuwa/Projects/CommonApp/backend/config/connector.js","statementMap":{"0":{"start":{"line":1,"column":17},"end":{"line":1,"column":36}},"1":{"start":{"line":2,"column":30},"end":{"line":2,"column":62}},"2":{"start":{"line":4,"column":13},"end":{"line":4,"column":17}},"3":{"start":{"line":6,"column":16},"end":{"line":18,"column":1}},"4":{"start":{"line":7,"column":4},"end":{"line":17,"column":5}},"5":{"start":{"line":8,"column":8},"end":{"line":8,"column":50}},"6":{"start":{"line":9,"column":20},"end":{"line":9,"column":35}},"7":{"start":{"line":10,"column":24},"end":{"line":12,"column":9}},"8":{"start":{"line":13,"column":8},"end":{"line":13,"column":45}},"9":{"start":{"line":16,"column":8},"end":{"line":16,"column":33}},"10":{"start":{"line":20,"column":22},"end":{"line":32,"column":1}},"11":{"start":{"line":21,"column":4},"end":{"line":31,"column":5}},"12":{"start":{"line":22,"column":28},"end":{"line":22,"column":59}},"13":{"start":{"line":24,"column":8},"end":{"line":27,"column":9}},"14":{"start":{"line":25,"column":31},"end":{"line":25,"column":47}},"15":{"start":{"line":26,"column":12},"end":{"line":26,"column":42}},"16":{"start":{"line":30,"column":8},"end":{"line":30,"column":33}},"17":{"start":{"line":34,"column":22},"end":{"line":43,"column":1}},"18":{"start":{"line":35,"column":4},"end":{"line":42,"column":5}},"19":{"start":{"line":36,"column":8},"end":{"line":36,"column":49}},"20":{"start":{"line":37,"column":8},"end":{"line":37,"column":42}},"21":{"start":{"line":38,"column":8},"end":{"line":38,"column":28}},"22":{"start":{"line":41,"column":8},"end":{"line":41,"column":33}},"23":{"start":{"line":47,"column":0},"end":{"line":47,"column":59}}},"fnMap":{"0":{"name":"(anonymous_0)","decl":{"start":{"line":6,"column":16},"end":{"line":6,"column":17}},"loc":{"start":{"line":6,"column":28},"end":{"line":18,"column":1}},"line":6},"1":{"name":"(anonymous_1)","decl":{"start":{"line":20,"column":22},"end":{"line":20,"column":23}},"loc":{"start":{"line":20,"column":34},"end":{"line":32,"column":1}},"line":20},"2":{"name":"(anonymous_2)","decl":{"start":{"line":34,"column":22},"end":{"line":34,"column":23}},"loc":{"start":{"line":34,"column":34},"end":{"line":43,"column":1}},"line":34}},"branchMap":{},"s":{"0":1,"1":1,"2":1,"3":1,"4":1,"5":1,"6":1,"7":1,"8":1,"9":0,"10":1,"11":9,"12":9,"13":9,"14":126,"15":126,"16":0,"17":1,"18":1,"19":1,"20":1,"21":1,"22":0,"23":1},"f":{"0":1,"1":9,"2":1},"b":{},"_coverageSchema":"1a1c01bbd47fc00a2c39e90264f33305004495a9","hash":"a934ed7f9696571c4d6c1f1fe0fff08f4f15fe93"}
}
