{"/Users/presleyomozuwa/Projects/CommonApp/backend/app.js": {"path":"/Users/presleyomozuwa/Projects/CommonApp/backend/app.js","statementMap":{"0":{"start":{"line":1,"column":13},"end":{"line":1,"column":28}},"1":{"start":{"line":2,"column":19},"end":{"line":2,"column":41}},"2":{"start":{"line":3,"column":0},"end":{"line":3,"column":50}},"3":{"start":{"line":4,"column":16},"end":{"line":4,"column":34}},"4":{"start":{"line":5,"column":16},"end":{"line":5,"column":42}},"5":{"start":{"line":8,"column":20},"end":{"line":8,"column":65}},"6":{"start":{"line":9,"column":29},"end":{"line":9,"column":94}},"7":{"start":{"line":10,"column":28},"end":{"line":10,"column":90}},"8":{"start":{"line":11,"column":19},"end":{"line":11,"column":68}},"9":{"start":{"line":12,"column":23},"end":{"line":12,"column":74}},"10":{"start":{"line":13,"column":20},"end":{"line":13,"column":65}},"11":{"start":{"line":14,"column":19},"end":{"line":14,"column":71}},"12":{"start":{"line":15,"column":35},"end":{"line":15,"column":113}},"13":{"start":{"line":16,"column":20},"end":{"line":16,"column":65}},"14":{"start":{"line":17,"column":27},"end":{"line":17,"column":88}},"15":{"start":{"line":18,"column":22},"end":{"line":18,"column":71}},"16":{"start":{"line":19,"column":23},"end":{"line":19,"column":74}},"17":{"start":{"line":20,"column":22},"end":{"line":20,"column":87}},"18":{"start":{"line":21,"column":21},"end":{"line":21,"column":68}},"19":{"start":{"line":22,"column":27},"end":{"line":22,"column":86}},"20":{"start":{"line":23,"column":25},"end":{"line":23,"column":91}},"21":{"start":{"line":26,"column":12},"end":{"line":26,"column":21}},"22":{"start":{"line":28,"column":0},"end":{"line":28,"column":27}},"23":{"start":{"line":29,"column":0},"end":{"line":29,"column":51}},"24":{"start":{"line":33,"column":27},"end":{"line":33,"column":57}},"25":{"start":{"line":34,"column":0},"end":{"line":47,"column":2}},"26":{"start":{"line":49,"column":0},"end":{"line":49,"column":20}},"27":{"start":{"line":50,"column":0},"end":{"line":50,"column":24}},"28":{"start":{"line":51,"column":0},"end":{"line":51,"column":21}},"29":{"start":{"line":52,"column":0},"end":{"line":52,"column":21}},"30":{"start":{"line":53,"column":0},"end":{"line":53,"column":30}},"31":{"start":{"line":54,"column":0},"end":{"line":54,"column":29}},"32":{"start":{"line":55,"column":0},"end":{"line":55,"column":20}},"33":{"start":{"line":56,"column":0},"end":{"line":56,"column":36}},"34":{"start":{"line":57,"column":0},"end":{"line":57,"column":23}},"35":{"start":{"line":58,"column":0},"end":{"line":58,"column":24}},"36":{"start":{"line":59,"column":0},"end":{"line":59,"column":21}},"37":{"start":{"line":60,"column":0},"end":{"line":60,"column":28}},"38":{"start":{"line":61,"column":0},"end":{"line":61,"column":22}},"39":{"start":{"line":62,"column":0},"end":{"line":62,"column":23}},"40":{"start":{"line":63,"column":0},"end":{"line":63,"column":28}},"41":{"start":{"line":64,"column":0},"end":{"line":64,"column":26}},"42":{"start":{"line":67,"column":0},"end":{"line":67,"column":20}}},"fnMap":{},"branchMap":{},"s":{"0":2,"1":2,"2":2,"3":2,"4":2,"5":2,"6":2,"7":2,"8":2,"9":2,"10":2,"11":2,"12":2,"13":2,"14":2,"15":2,"16":2,"17":2,"18":2,"19":2,"20":2,"21":2,"22":2,"23":2,"24":2,"25":2,"26":2,"27":2,"28":2,"29":2,"30":2,"31":2,"32":2,"33":2,"34":2,"35":2,"36":2,"37":2,"38":2,"39":2,"40":2,"41":2,"42":2},"f":{},"b":{},"_coverageSchema":"1a1c01bbd47fc00a2c39e90264f33305004495a9","hash":"b81a34a6d4cdd4d72216e105704e714719beaede"}
,"/Users/presleyomozuwa/Projects/CommonApp/backend/Structure/AccountSettings/account-setting-controller.js": {"path":"/Users/presleyomozuwa/Projects/CommonApp/backend/Structure/AccountSettings/account-setting-controller.js","statementMap":{"0":{"start":{"line":1,"column":16},"end":{"line":1,"column":34}},"1":{"start":{"line":2,"column":15},"end":{"line":2,"column":31}},"2":{"start":{"line":3,"column":80},"end":{"line":3,"column":116}},"3":{"start":{"line":6,"column":0},"end":{"line":14,"column":3}},"4":{"start":{"line":7,"column":4},"end":{"line":13,"column":5}},"5":{"start":{"line":8,"column":8},"end":{"line":8,"column":48}},"6":{"start":{"line":9,"column":8},"end":{"line":9,"column":47}},"7":{"start":{"line":12,"column":8},"end":{"line":12,"column":53}},"8":{"start":{"line":17,"column":0},"end":{"line":25,"column":3}},"9":{"start":{"line":18,"column":4},"end":{"line":24,"column":5}},"10":{"start":{"line":19,"column":8},"end":{"line":19,"column":52}},"11":{"start":{"line":20,"column":8},"end":{"line":20,"column":68}},"12":{"start":{"line":23,"column":8},"end":{"line":23,"column":53}},"13":{"start":{"line":28,"column":0},"end":{"line":50,"column":3}},"14":{"start":{"line":29,"column":4},"end":{"line":48,"column":5}},"15":{"start":{"line":30,"column":36},"end":{"line":30,"column":52}},"16":{"start":{"line":32,"column":24},"end":{"line":39,"column":9}},"17":{"start":{"line":41,"column":8},"end":{"line":41,"column":57}},"18":{"start":{"line":43,"column":8},"end":{"line":43,"column":60}},"19":{"start":{"line":47,"column":8},"end":{"line":47,"column":55}},"20":{"start":{"line":52,"column":0},"end":{"line":52,"column":24}}},"fnMap":{"0":{"name":"(anonymous_0)","decl":{"start":{"line":6,"column":39},"end":{"line":6,"column":40}},"loc":{"start":{"line":6,"column":59},"end":{"line":14,"column":1}},"line":6},"1":{"name":"(anonymous_1)","decl":{"start":{"line":17,"column":44},"end":{"line":17,"column":45}},"loc":{"start":{"line":17,"column":64},"end":{"line":25,"column":1}},"line":17},"2":{"name":"(anonymous_2)","decl":{"start":{"line":28,"column":42},"end":{"line":28,"column":43}},"loc":{"start":{"line":28,"column":62},"end":{"line":50,"column":1}},"line":28}},"branchMap":{},"s":{"0":2,"1":2,"2":2,"3":2,"4":0,"5":0,"6":0,"7":0,"8":2,"9":0,"10":0,"11":0,"12":0,"13":2,"14":0,"15":0,"16":0,"17":0,"18":0,"19":0,"20":2},"f":{"0":0,"1":0,"2":0},"b":{},"_coverageSchema":"1a1c01bbd47fc00a2c39e90264f33305004495a9","hash":"82eb826d8dd85becbd3d42a010e5772fa3d3b192"}
,"/Users/presleyomozuwa/Projects/CommonApp/backend/Structure/AccountSettings/account-setting-service.js": {"path":"/Users/presleyomozuwa/Projects/CommonApp/backend/Structure/AccountSettings/account-setting-service.js","statementMap":{"0":{"start":{"line":1,"column":0},"end":{"line":1,"column":54}},"1":{"start":{"line":2,"column":11},"end":{"line":2,"column":24}},"2":{"start":{"line":3,"column":13},"end":{"line":3,"column":28}},"3":{"start":{"line":4,"column":12},"end":{"line":4,"column":35}},"4":{"start":{"line":5,"column":15},"end":{"line":5,"column":32}},"5":{"start":{"line":6,"column":39},"end":{"line":6,"column":76}},"6":{"start":{"line":7,"column":31},"end":{"line":7,"column":62}},"7":{"start":{"line":8,"column":24},"end":{"line":8,"column":55}},"8":{"start":{"line":11,"column":26},"end":{"line":40,"column":1}},"9":{"start":{"line":12,"column":26},"end":{"line":12,"column":53}},"10":{"start":{"line":13,"column":4},"end":{"line":39,"column":6}},"11":{"start":{"line":14,"column":8},"end":{"line":37,"column":9}},"12":{"start":{"line":15,"column":12},"end":{"line":15,"column":51}},"13":{"start":{"line":18,"column":27},"end":{"line":18,"column":46}},"14":{"start":{"line":19,"column":26},"end":{"line":19,"column":50}},"15":{"start":{"line":21,"column":12},"end":{"line":23,"column":13}},"16":{"start":{"line":22,"column":16},"end":{"line":22,"column":81}},"17":{"start":{"line":25,"column":12},"end":{"line":27,"column":13}},"18":{"start":{"line":26,"column":16},"end":{"line":26,"column":64}},"19":{"start":{"line":29,"column":12},"end":{"line":36,"column":13}},"20":{"start":{"line":30,"column":16},"end":{"line":32,"column":19}},"21":{"start":{"line":34,"column":16},"end":{"line":34,"column":34}},"22":{"start":{"line":35,"column":16},"end":{"line":35,"column":23}},"23":{"start":{"line":42,"column":34},"end":{"line":68,"column":1}},"24":{"start":{"line":43,"column":29},"end":{"line":43,"column":65}},"25":{"start":{"line":45,"column":4},"end":{"line":67,"column":6}},"26":{"start":{"line":46,"column":8},"end":{"line":48,"column":9}},"27":{"start":{"line":47,"column":12},"end":{"line":47,"column":60}},"28":{"start":{"line":50,"column":8},"end":{"line":66,"column":9}},"29":{"start":{"line":51,"column":27},"end":{"line":51,"column":46}},"30":{"start":{"line":53,"column":26},"end":{"line":53,"column":50}},"31":{"start":{"line":55,"column":33},"end":{"line":55,"column":64}},"32":{"start":{"line":57,"column":12},"end":{"line":59,"column":13}},"33":{"start":{"line":58,"column":16},"end":{"line":58,"column":59}},"34":{"start":{"line":61,"column":12},"end":{"line":63,"column":15}},"35":{"start":{"line":65,"column":12},"end":{"line":65,"column":30}},"36":{"start":{"line":70,"column":30},"end":{"line":101,"column":1}},"37":{"start":{"line":72,"column":4},"end":{"line":74,"column":5}},"38":{"start":{"line":73,"column":8},"end":{"line":73,"column":62}},"39":{"start":{"line":76,"column":17},"end":{"line":76,"column":44}},"40":{"start":{"line":78,"column":18},"end":{"line":78,"column":42}},"41":{"start":{"line":80,"column":22},"end":{"line":80,"column":78}},"42":{"start":{"line":82,"column":20},"end":{"line":82,"column":109}},"43":{"start":{"line":84,"column":24},"end":{"line":84,"column":67}},"44":{"start":{"line":86,"column":25},"end":{"line":91,"column":5}},"45":{"start":{"line":93,"column":4},"end":{"line":93,"column":45}},"46":{"start":{"line":95,"column":4},"end":{"line":97,"column":5}},"47":{"start":{"line":96,"column":8},"end":{"line":96,"column":48}},"48":{"start":{"line":99,"column":4},"end":{"line":99,"column":18}},"49":{"start":{"line":103,"column":0},"end":{"line":103,"column":88}}},"fnMap":{"0":{"name":"(anonymous_0)","decl":{"start":{"line":11,"column":26},"end":{"line":11,"column":27}},"loc":{"start":{"line":11,"column":43},"end":{"line":40,"column":1}},"line":11},"1":{"name":"(anonymous_1)","decl":{"start":{"line":13,"column":37},"end":{"line":13,"column":38}},"loc":{"start":{"line":13,"column":66},"end":{"line":39,"column":5}},"line":13},"2":{"name":"(anonymous_2)","decl":{"start":{"line":42,"column":34},"end":{"line":42,"column":35}},"loc":{"start":{"line":42,"column":61},"end":{"line":68,"column":1}},"line":42},"3":{"name":"(anonymous_3)","decl":{"start":{"line":45,"column":40},"end":{"line":45,"column":41}},"loc":{"start":{"line":45,"column":69},"end":{"line":67,"column":5}},"line":45},"4":{"name":"(anonymous_4)","decl":{"start":{"line":70,"column":30},"end":{"line":70,"column":31}},"loc":{"start":{"line":70,"column":47},"end":{"line":101,"column":1}},"line":70}},"branchMap":{"0":{"loc":{"start":{"line":14,"column":8},"end":{"line":37,"column":9}},"type":"if","locations":[{"start":{"line":14,"column":8},"end":{"line":37,"column":9}},{"start":{"line":17,"column":12},"end":{"line":37,"column":9}}],"line":14},"1":{"loc":{"start":{"line":14,"column":12},"end":{"line":14,"column":48}},"type":"binary-expr","locations":[{"start":{"line":14,"column":12},"end":{"line":14,"column":15}},{"start":{"line":14,"column":19},"end":{"line":14,"column":48}}],"line":14},"2":{"loc":{"start":{"line":21,"column":12},"end":{"line":23,"column":13}},"type":"if","locations":[{"start":{"line":21,"column":12},"end":{"line":23,"column":13}},{"start":{},"end":{}}],"line":21},"3":{"loc":{"start":{"line":25,"column":12},"end":{"line":27,"column":13}},"type":"if","locations":[{"start":{"line":25,"column":12},"end":{"line":27,"column":13}},{"start":{},"end":{}}],"line":25},"4":{"loc":{"start":{"line":25,"column":15},"end":{"line":25,"column":51}},"type":"binary-expr","locations":[{"start":{"line":25,"column":15},"end":{"line":25,"column":19}},{"start":{"line":25,"column":23},"end":{"line":25,"column":51}}],"line":25},"5":{"loc":{"start":{"line":29,"column":12},"end":{"line":36,"column":13}},"type":"if","locations":[{"start":{"line":29,"column":12},"end":{"line":36,"column":13}},{"start":{},"end":{}}],"line":29},"6":{"loc":{"start":{"line":29,"column":15},"end":{"line":29,"column":52}},"type":"binary-expr","locations":[{"start":{"line":29,"column":15},"end":{"line":29,"column":19}},{"start":{"line":29,"column":23},"end":{"line":29,"column":52}}],"line":29},"7":{"loc":{"start":{"line":46,"column":8},"end":{"line":48,"column":9}},"type":"if","locations":[{"start":{"line":46,"column":8},"end":{"line":48,"column":9}},{"start":{},"end":{}}],"line":46},"8":{"loc":{"start":{"line":46,"column":12},"end":{"line":46,"column":48}},"type":"binary-expr","locations":[{"start":{"line":46,"column":12},"end":{"line":46,"column":15}},{"start":{"line":46,"column":19},"end":{"line":46,"column":48}}],"line":46},"9":{"loc":{"start":{"line":50,"column":8},"end":{"line":66,"column":9}},"type":"if","locations":[{"start":{"line":50,"column":8},"end":{"line":66,"column":9}},{"start":{},"end":{}}],"line":50},"10":{"loc":{"start":{"line":57,"column":12},"end":{"line":59,"column":13}},"type":"if","locations":[{"start":{"line":57,"column":12},"end":{"line":59,"column":13}},{"start":{},"end":{}}],"line":57},"11":{"loc":{"start":{"line":72,"column":4},"end":{"line":74,"column":5}},"type":"if","locations":[{"start":{"line":72,"column":4},"end":{"line":74,"column":5}},{"start":{},"end":{}}],"line":72},"12":{"loc":{"start":{"line":95,"column":4},"end":{"line":97,"column":5}},"type":"if","locations":[{"start":{"line":95,"column":4},"end":{"line":97,"column":5}},{"start":{},"end":{}}],"line":95}},"s":{"0":2,"1":2,"2":2,"3":2,"4":2,"5":2,"6":2,"7":2,"8":2,"9":0,"10":0,"11":0,"12":0,"13":0,"14":0,"15":0,"16":0,"17":0,"18":0,"19":0,"20":0,"21":0,"22":0,"23":2,"24":0,"25":0,"26":0,"27":0,"28":0,"29":0,"30":0,"31":0,"32":0,"33":0,"34":0,"35":0,"36":2,"37":0,"38":0,"39":0,"40":0,"41":0,"42":0,"43":0,"44":0,"45":0,"46":0,"47":0,"48":0,"49":2},"f":{"0":0,"1":0,"2":0,"3":0,"4":0},"b":{"0":[0,0],"1":[0,0],"2":[0,0],"3":[0,0],"4":[0,0],"5":[0,0],"6":[0,0],"7":[0,0],"8":[0,0],"9":[0,0],"10":[0,0],"11":[0,0],"12":[0,0]},"_coverageSchema":"1a1c01bbd47fc00a2c39e90264f33305004495a9","hash":"da2d151bc5a6dd6b0fe3422ea5663cdecba0077b"}
,"/Users/presleyomozuwa/Projects/CommonApp/backend/Structure/AccountUpdate/account-update-controller.js": {"path":"/Users/presleyomozuwa/Projects/CommonApp/backend/Structure/AccountUpdate/account-update-controller.js","statementMap":{"0":{"start":{"line":1,"column":16},"end":{"line":1,"column":34}},"1":{"start":{"line":2,"column":15},"end":{"line":2,"column":31}},"2":{"start":{"line":3,"column":30},"end":{"line":3,"column":61}},"3":{"start":{"line":4,"column":68},"end":{"line":4,"column":105}},"4":{"start":{"line":5,"column":42},"end":{"line":5,"column":77}},"5":{"start":{"line":7,"column":0},"end":{"line":26,"column":3}},"6":{"start":{"line":8,"column":4},"end":{"line":24,"column":5}},"7":{"start":{"line":9,"column":29},"end":{"line":9,"column":82}},"8":{"start":{"line":11,"column":23},"end":{"line":11,"column":43}},"9":{"start":{"line":13,"column":21},"end":{"line":13,"column":45}},"10":{"start":{"line":15,"column":29},"end":{"line":15,"column":45}},"11":{"start":{"line":17,"column":8},"end":{"line":17,"column":45}},"12":{"start":{"line":19,"column":8},"end":{"line":19,"column":62}},"13":{"start":{"line":23,"column":8},"end":{"line":23,"column":53}},"14":{"start":{"line":28,"column":0},"end":{"line":53,"column":3}},"15":{"start":{"line":29,"column":4},"end":{"line":51,"column":5}},"16":{"start":{"line":30,"column":29},"end":{"line":30,"column":82}},"17":{"start":{"line":32,"column":23},"end":{"line":32,"column":43}},"18":{"start":{"line":34,"column":21},"end":{"line":34,"column":45}},"19":{"start":{"line":36,"column":26},"end":{"line":36,"column":42}},"20":{"start":{"line":38,"column":8},"end":{"line":40,"column":9}},"21":{"start":{"line":39,"column":12},"end":{"line":39,"column":59}},"22":{"start":{"line":42,"column":8},"end":{"line":42,"column":40}},"23":{"start":{"line":44,"column":8},"end":{"line":44,"column":39}},"24":{"start":{"line":46,"column":8},"end":{"line":46,"column":59}},"25":{"start":{"line":50,"column":8},"end":{"line":50,"column":53}},"26":{"start":{"line":55,"column":0},"end":{"line":80,"column":3}},"27":{"start":{"line":56,"column":4},"end":{"line":78,"column":5}},"28":{"start":{"line":57,"column":29},"end":{"line":57,"column":82}},"29":{"start":{"line":59,"column":23},"end":{"line":59,"column":43}},"30":{"start":{"line":61,"column":21},"end":{"line":61,"column":45}},"31":{"start":{"line":63,"column":45},"end":{"line":63,"column":61}},"32":{"start":{"line":65,"column":24},"end":{"line":65,"column":64}},"33":{"start":{"line":67,"column":8},"end":{"line":69,"column":9}},"34":{"start":{"line":68,"column":12},"end":{"line":68,"column":54}},"35":{"start":{"line":71,"column":8},"end":{"line":71,"column":48}},"36":{"start":{"line":73,"column":8},"end":{"line":73,"column":62}},"37":{"start":{"line":77,"column":8},"end":{"line":77,"column":53}},"38":{"start":{"line":84,"column":0},"end":{"line":84,"column":24}}},"fnMap":{"0":{"name":"(anonymous_0)","decl":{"start":{"line":7,"column":35},"end":{"line":7,"column":36}},"loc":{"start":{"line":7,"column":55},"end":{"line":26,"column":1}},"line":7},"1":{"name":"(anonymous_1)","decl":{"start":{"line":28,"column":32},"end":{"line":28,"column":33}},"loc":{"start":{"line":28,"column":52},"end":{"line":53,"column":1}},"line":28},"2":{"name":"(anonymous_2)","decl":{"start":{"line":55,"column":41},"end":{"line":55,"column":42}},"loc":{"start":{"line":55,"column":61},"end":{"line":80,"column":1}},"line":55}},"branchMap":{"0":{"loc":{"start":{"line":38,"column":8},"end":{"line":40,"column":9}},"type":"if","locations":[{"start":{"line":38,"column":8},"end":{"line":40,"column":9}},{"start":{},"end":{}}],"line":38},"1":{"loc":{"start":{"line":67,"column":8},"end":{"line":69,"column":9}},"type":"if","locations":[{"start":{"line":67,"column":8},"end":{"line":69,"column":9}},{"start":{},"end":{}}],"line":67}},"s":{"0":2,"1":2,"2":2,"3":2,"4":2,"5":2,"6":0,"7":0,"8":0,"9":0,"10":0,"11":0,"12":0,"13":0,"14":2,"15":0,"16":0,"17":0,"18":0,"19":0,"20":0,"21":0,"22":0,"23":0,"24":0,"25":0,"26":2,"27":0,"28":0,"29":0,"30":0,"31":0,"32":0,"33":0,"34":0,"35":0,"36":0,"37":0,"38":2},"f":{"0":0,"1":0,"2":0},"b":{"0":[0,0],"1":[0,0]},"_coverageSchema":"1a1c01bbd47fc00a2c39e90264f33305004495a9","hash":"ed8052ba92441f80625c28e20d4fbc26d3e6775f"}
,"/Users/presleyomozuwa/Projects/CommonApp/backend/Structure/AccountUpdate/account-update-service.js": {"path":"/Users/presleyomozuwa/Projects/CommonApp/backend/Structure/AccountUpdate/account-update-service.js","statementMap":{"0":{"start":{"line":1,"column":15},"end":{"line":1,"column":32}},"1":{"start":{"line":2,"column":21},"end":{"line":2,"column":56}},"2":{"start":{"line":4,"column":21},"end":{"line":14,"column":1}},"3":{"start":{"line":5,"column":16},"end":{"line":5,"column":64}},"4":{"start":{"line":7,"column":4},"end":{"line":9,"column":5}},"5":{"start":{"line":8,"column":8},"end":{"line":8,"column":74}},"6":{"start":{"line":11,"column":4},"end":{"line":13,"column":6}},"7":{"start":{"line":16,"column":24},"end":{"line":19,"column":1}},"8":{"start":{"line":17,"column":18},"end":{"line":17,"column":66}},"9":{"start":{"line":18,"column":4},"end":{"line":18,"column":17}},"10":{"start":{"line":21,"column":23},"end":{"line":24,"column":1}},"11":{"start":{"line":22,"column":25},"end":{"line":22,"column":59}},"12":{"start":{"line":23,"column":4},"end":{"line":23,"column":25}},"13":{"start":{"line":28,"column":0},"end":{"line":28,"column":66}}},"fnMap":{"0":{"name":"(anonymous_0)","decl":{"start":{"line":4,"column":21},"end":{"line":4,"column":22}},"loc":{"start":{"line":4,"column":48},"end":{"line":14,"column":1}},"line":4},"1":{"name":"(anonymous_1)","decl":{"start":{"line":16,"column":24},"end":{"line":16,"column":25}},"loc":{"start":{"line":16,"column":53},"end":{"line":19,"column":1}},"line":16},"2":{"name":"(anonymous_2)","decl":{"start":{"line":21,"column":23},"end":{"line":21,"column":24}},"loc":{"start":{"line":21,"column":46},"end":{"line":24,"column":1}},"line":21}},"branchMap":{"0":{"loc":{"start":{"line":7,"column":4},"end":{"line":9,"column":5}},"type":"if","locations":[{"start":{"line":7,"column":4},"end":{"line":9,"column":5}},{"start":{},"end":{}}],"line":7}},"s":{"0":2,"1":2,"2":2,"3":0,"4":0,"5":0,"6":0,"7":2,"8":0,"9":0,"10":2,"11":0,"12":0,"13":2},"f":{"0":0,"1":0,"2":0},"b":{"0":[0,0]},"_coverageSchema":"1a1c01bbd47fc00a2c39e90264f33305004495a9","hash":"608a01343600341b2d1b8b5de2184f0a0d7e826e"}
,"/Users/presleyomozuwa/Projects/CommonApp/backend/Structure/Admin/admin-controller.js": {"path":"/Users/presleyomozuwa/Projects/CommonApp/backend/Structure/Admin/admin-controller.js","statementMap":{"0":{"start":{"line":1,"column":16},"end":{"line":1,"column":34}},"1":{"start":{"line":2,"column":15},"end":{"line":2,"column":31}},"2":{"start":{"line":3,"column":26},"end":{"line":3,"column":62}},"3":{"start":{"line":4,"column":49},"end":{"line":4,"column":80}},"4":{"start":{"line":5,"column":47},"end":{"line":5,"column":84}},"5":{"start":{"line":6,"column":152},"end":{"line":6,"column":182}},"6":{"start":{"line":9,"column":0},"end":{"line":21,"column":3}},"7":{"start":{"line":10,"column":4},"end":{"line":19,"column":5}},"8":{"start":{"line":11,"column":30},"end":{"line":11,"column":67}},"9":{"start":{"line":13,"column":8},"end":{"line":13,"column":43}},"10":{"start":{"line":15,"column":8},"end":{"line":15,"column":110}},"11":{"start":{"line":18,"column":8},"end":{"line":18,"column":53}},"12":{"start":{"line":24,"column":0},"end":{"line":41,"column":3}},"13":{"start":{"line":25,"column":4},"end":{"line":39,"column":5}},"14":{"start":{"line":26,"column":29},"end":{"line":26,"column":82}},"15":{"start":{"line":28,"column":24},"end":{"line":28,"column":44}},"16":{"start":{"line":30,"column":22},"end":{"line":30,"column":47}},"17":{"start":{"line":32,"column":8},"end":{"line":35,"column":9}},"18":{"start":{"line":33,"column":25},"end":{"line":33,"column":60}},"19":{"start":{"line":34,"column":12},"end":{"line":34,"column":39}},"20":{"start":{"line":38,"column":8},"end":{"line":38,"column":53}},"21":{"start":{"line":43,"column":0},"end":{"line":61,"column":3}},"22":{"start":{"line":44,"column":4},"end":{"line":60,"column":5}},"23":{"start":{"line":45,"column":29},"end":{"line":45,"column":82}},"24":{"start":{"line":47,"column":24},"end":{"line":47,"column":44}},"25":{"start":{"line":49,"column":22},"end":{"line":49,"column":47}},"26":{"start":{"line":51,"column":44},"end":{"line":51,"column":60}},"27":{"start":{"line":53,"column":8},"end":{"line":56,"column":9}},"28":{"start":{"line":54,"column":12},"end":{"line":54,"column":58}},"29":{"start":{"line":55,"column":12},"end":{"line":55,"column":64}},"30":{"start":{"line":59,"column":8},"end":{"line":59,"column":53}},"31":{"start":{"line":63,"column":0},"end":{"line":86,"column":3}},"32":{"start":{"line":64,"column":4},"end":{"line":85,"column":5}},"33":{"start":{"line":65,"column":29},"end":{"line":65,"column":82}},"34":{"start":{"line":67,"column":24},"end":{"line":67,"column":44}},"35":{"start":{"line":69,"column":22},"end":{"line":69,"column":47}},"36":{"start":{"line":71,"column":8},"end":{"line":81,"column":9}},"37":{"start":{"line":72,"column":35},"end":{"line":72,"column":76}},"38":{"start":{"line":74,"column":12},"end":{"line":76,"column":14}},"39":{"start":{"line":78,"column":12},"end":{"line":78,"column":36}},"40":{"start":{"line":80,"column":12},"end":{"line":80,"column":65}},"41":{"start":{"line":84,"column":8},"end":{"line":84,"column":53}},"42":{"start":{"line":88,"column":0},"end":{"line":111,"column":3}},"43":{"start":{"line":89,"column":4},"end":{"line":110,"column":5}},"44":{"start":{"line":90,"column":29},"end":{"line":90,"column":82}},"45":{"start":{"line":92,"column":24},"end":{"line":92,"column":44}},"46":{"start":{"line":94,"column":22},"end":{"line":94,"column":47}},"47":{"start":{"line":96,"column":8},"end":{"line":106,"column":9}},"48":{"start":{"line":97,"column":37},"end":{"line":97,"column":80}},"49":{"start":{"line":99,"column":12},"end":{"line":101,"column":14}},"50":{"start":{"line":103,"column":12},"end":{"line":103,"column":38}},"51":{"start":{"line":105,"column":12},"end":{"line":105,"column":69}},"52":{"start":{"line":109,"column":8},"end":{"line":109,"column":53}},"53":{"start":{"line":113,"column":0},"end":{"line":134,"column":3}},"54":{"start":{"line":114,"column":4},"end":{"line":133,"column":5}},"55":{"start":{"line":115,"column":29},"end":{"line":115,"column":82}},"56":{"start":{"line":117,"column":24},"end":{"line":117,"column":44}},"57":{"start":{"line":119,"column":22},"end":{"line":119,"column":47}},"58":{"start":{"line":121,"column":8},"end":{"line":129,"column":9}},"59":{"start":{"line":122,"column":36},"end":{"line":122,"column":71}},"60":{"start":{"line":124,"column":12},"end":{"line":124,"column":47}},"61":{"start":{"line":126,"column":12},"end":{"line":126,"column":50}},"62":{"start":{"line":128,"column":12},"end":{"line":128,"column":92}},"63":{"start":{"line":132,"column":8},"end":{"line":132,"column":53}},"64":{"start":{"line":136,"column":0},"end":{"line":152,"column":3}},"65":{"start":{"line":137,"column":4},"end":{"line":151,"column":5}},"66":{"start":{"line":138,"column":29},"end":{"line":138,"column":82}},"67":{"start":{"line":140,"column":24},"end":{"line":140,"column":44}},"68":{"start":{"line":142,"column":22},"end":{"line":142,"column":47}},"69":{"start":{"line":144,"column":8},"end":{"line":147,"column":9}},"70":{"start":{"line":145,"column":12},"end":{"line":145,"column":41}},"71":{"start":{"line":146,"column":12},"end":{"line":146,"column":73}},"72":{"start":{"line":150,"column":8},"end":{"line":150,"column":53}},"73":{"start":{"line":154,"column":0},"end":{"line":170,"column":3}},"74":{"start":{"line":155,"column":4},"end":{"line":169,"column":5}},"75":{"start":{"line":156,"column":29},"end":{"line":156,"column":82}},"76":{"start":{"line":158,"column":24},"end":{"line":158,"column":44}},"77":{"start":{"line":160,"column":22},"end":{"line":160,"column":47}},"78":{"start":{"line":162,"column":8},"end":{"line":165,"column":9}},"79":{"start":{"line":163,"column":12},"end":{"line":163,"column":39}},"80":{"start":{"line":164,"column":12},"end":{"line":164,"column":74}},"81":{"start":{"line":168,"column":8},"end":{"line":168,"column":53}},"82":{"start":{"line":172,"column":0},"end":{"line":188,"column":3}},"83":{"start":{"line":173,"column":4},"end":{"line":187,"column":5}},"84":{"start":{"line":174,"column":29},"end":{"line":174,"column":82}},"85":{"start":{"line":176,"column":24},"end":{"line":176,"column":44}},"86":{"start":{"line":178,"column":22},"end":{"line":178,"column":47}},"87":{"start":{"line":180,"column":8},"end":{"line":183,"column":9}},"88":{"start":{"line":181,"column":12},"end":{"line":181,"column":60}},"89":{"start":{"line":182,"column":12},"end":{"line":182,"column":66}},"90":{"start":{"line":186,"column":8},"end":{"line":186,"column":53}},"91":{"start":{"line":191,"column":0},"end":{"line":191,"column":24}}},"fnMap":{"0":{"name":"(anonymous_0)","decl":{"start":{"line":9,"column":35},"end":{"line":9,"column":36}},"loc":{"start":{"line":9,"column":55},"end":{"line":21,"column":1}},"line":9},"1":{"name":"(anonymous_1)","decl":{"start":{"line":24,"column":42},"end":{"line":24,"column":43}},"loc":{"start":{"line":24,"column":62},"end":{"line":41,"column":1}},"line":24},"2":{"name":"(anonymous_2)","decl":{"start":{"line":43,"column":37},"end":{"line":43,"column":38}},"loc":{"start":{"line":43,"column":57},"end":{"line":61,"column":1}},"line":43},"3":{"name":"(anonymous_3)","decl":{"start":{"line":63,"column":44},"end":{"line":63,"column":45}},"loc":{"start":{"line":63,"column":64},"end":{"line":86,"column":1}},"line":63},"4":{"name":"(anonymous_4)","decl":{"start":{"line":88,"column":46},"end":{"line":88,"column":47}},"loc":{"start":{"line":88,"column":66},"end":{"line":111,"column":1}},"line":88},"5":{"name":"(anonymous_5)","decl":{"start":{"line":113,"column":48},"end":{"line":113,"column":49}},"loc":{"start":{"line":113,"column":68},"end":{"line":134,"column":1}},"line":113},"6":{"name":"(anonymous_6)","decl":{"start":{"line":136,"column":47},"end":{"line":136,"column":48}},"loc":{"start":{"line":136,"column":67},"end":{"line":152,"column":1}},"line":136},"7":{"name":"(anonymous_7)","decl":{"start":{"line":154,"column":48},"end":{"line":154,"column":49}},"loc":{"start":{"line":154,"column":68},"end":{"line":170,"column":1}},"line":154},"8":{"name":"(anonymous_8)","decl":{"start":{"line":172,"column":49},"end":{"line":172,"column":50}},"loc":{"start":{"line":172,"column":69},"end":{"line":188,"column":1}},"line":172}},"branchMap":{"0":{"loc":{"start":{"line":32,"column":8},"end":{"line":35,"column":9}},"type":"if","locations":[{"start":{"line":32,"column":8},"end":{"line":35,"column":9}},{"start":{},"end":{}}],"line":32},"1":{"loc":{"start":{"line":53,"column":8},"end":{"line":56,"column":9}},"type":"if","locations":[{"start":{"line":53,"column":8},"end":{"line":56,"column":9}},{"start":{},"end":{}}],"line":53},"2":{"loc":{"start":{"line":71,"column":8},"end":{"line":81,"column":9}},"type":"if","locations":[{"start":{"line":71,"column":8},"end":{"line":81,"column":9}},{"start":{},"end":{}}],"line":71},"3":{"loc":{"start":{"line":96,"column":8},"end":{"line":106,"column":9}},"type":"if","locations":[{"start":{"line":96,"column":8},"end":{"line":106,"column":9}},{"start":{},"end":{}}],"line":96},"4":{"loc":{"start":{"line":121,"column":8},"end":{"line":129,"column":9}},"type":"if","locations":[{"start":{"line":121,"column":8},"end":{"line":129,"column":9}},{"start":{},"end":{}}],"line":121},"5":{"loc":{"start":{"line":144,"column":8},"end":{"line":147,"column":9}},"type":"if","locations":[{"start":{"line":144,"column":8},"end":{"line":147,"column":9}},{"start":{},"end":{}}],"line":144},"6":{"loc":{"start":{"line":162,"column":8},"end":{"line":165,"column":9}},"type":"if","locations":[{"start":{"line":162,"column":8},"end":{"line":165,"column":9}},{"start":{},"end":{}}],"line":162},"7":{"loc":{"start":{"line":180,"column":8},"end":{"line":183,"column":9}},"type":"if","locations":[{"start":{"line":180,"column":8},"end":{"line":183,"column":9}},{"start":{},"end":{}}],"line":180}},"s":{"0":2,"1":2,"2":2,"3":2,"4":2,"5":2,"6":2,"7":0,"8":0,"9":0,"10":0,"11":0,"12":2,"13":0,"14":0,"15":0,"16":0,"17":0,"18":0,"19":0,"20":0,"21":2,"22":0,"23":0,"24":0,"25":0,"26":0,"27":0,"28":0,"29":0,"30":0,"31":2,"32":0,"33":0,"34":0,"35":0,"36":0,"37":0,"38":0,"39":0,"40":0,"41":0,"42":2,"43":0,"44":0,"45":0,"46":0,"47":0,"48":0,"49":0,"50":0,"51":0,"52":0,"53":2,"54":0,"55":0,"56":0,"57":0,"58":0,"59":0,"60":0,"61":0,"62":0,"63":0,"64":2,"65":0,"66":0,"67":0,"68":0,"69":0,"70":0,"71":0,"72":0,"73":2,"74":0,"75":0,"76":0,"77":0,"78":0,"79":0,"80":0,"81":0,"82":2,"83":0,"84":0,"85":0,"86":0,"87":0,"88":0,"89":0,"90":0,"91":2},"f":{"0":0,"1":0,"2":0,"3":0,"4":0,"5":0,"6":0,"7":0,"8":0},"b":{"0":[0,0],"1":[0,0],"2":[0,0],"3":[0,0],"4":[0,0],"5":[0,0],"6":[0,0],"7":[0,0]},"_coverageSchema":"1a1c01bbd47fc00a2c39e90264f33305004495a9","hash":"89bf3a280190df856dd7db2e0e753140c4b5c149"}
,"/Users/presleyomozuwa/Projects/CommonApp/backend/Structure/Admin/admin-register.-service.js": {"path":"/Users/presleyomozuwa/Projects/CommonApp/backend/Structure/Admin/admin-register.-service.js","statementMap":{"0":{"start":{"line":1,"column":16},"end":{"line":1,"column":34}},"1":{"start":{"line":2,"column":15},"end":{"line":2,"column":32}},"2":{"start":{"line":3,"column":0},"end":{"line":3,"column":54}},"3":{"start":{"line":4,"column":13},"end":{"line":4,"column":44}},"4":{"start":{"line":5,"column":29},"end":{"line":5,"column":74}},"5":{"start":{"line":8,"column":22},"end":{"line":54,"column":1}},"6":{"start":{"line":9,"column":14},"end":{"line":9,"column":17}},"7":{"start":{"line":11,"column":4},"end":{"line":13,"column":5}},"8":{"start":{"line":12,"column":8},"end":{"line":12,"column":42}},"9":{"start":{"line":15,"column":29},"end":{"line":15,"column":63}},"10":{"start":{"line":17,"column":4},"end":{"line":19,"column":5}},"11":{"start":{"line":18,"column":8},"end":{"line":18,"column":39}},"12":{"start":{"line":21,"column":4},"end":{"line":51,"column":5}},"13":{"start":{"line":22,"column":26},"end":{"line":22,"column":80}},"14":{"start":{"line":24,"column":8},"end":{"line":26,"column":9}},"15":{"start":{"line":25,"column":12},"end":{"line":25,"column":57}},"16":{"start":{"line":28,"column":29},"end":{"line":28,"column":66}},"17":{"start":{"line":30,"column":8},"end":{"line":32,"column":9}},"18":{"start":{"line":31,"column":12},"end":{"line":31,"column":64}},"19":{"start":{"line":34,"column":21},"end":{"line":41,"column":9}},"20":{"start":{"line":44,"column":26},"end":{"line":44,"column":49}},"21":{"start":{"line":46,"column":8},"end":{"line":48,"column":9}},"22":{"start":{"line":47,"column":12},"end":{"line":47,"column":57}},"23":{"start":{"line":50,"column":8},"end":{"line":50,"column":34}},"24":{"start":{"line":53,"column":4},"end":{"line":53,"column":15}},"25":{"start":{"line":56,"column":0},"end":{"line":56,"column":35}}},"fnMap":{"0":{"name":"(anonymous_0)","decl":{"start":{"line":8,"column":22},"end":{"line":8,"column":23}},"loc":{"start":{"line":8,"column":41},"end":{"line":54,"column":1}},"line":8}},"branchMap":{"0":{"loc":{"start":{"line":11,"column":4},"end":{"line":13,"column":5}},"type":"if","locations":[{"start":{"line":11,"column":4},"end":{"line":13,"column":5}},{"start":{},"end":{}}],"line":11},"1":{"loc":{"start":{"line":17,"column":4},"end":{"line":19,"column":5}},"type":"if","locations":[{"start":{"line":17,"column":4},"end":{"line":19,"column":5}},{"start":{},"end":{}}],"line":17},"2":{"loc":{"start":{"line":21,"column":4},"end":{"line":51,"column":5}},"type":"if","locations":[{"start":{"line":21,"column":4},"end":{"line":51,"column":5}},{"start":{},"end":{}}],"line":21},"3":{"loc":{"start":{"line":21,"column":8},"end":{"line":21,"column":56}},"type":"binary-expr","locations":[{"start":{"line":21,"column":8},"end":{"line":21,"column":13}},{"start":{"line":21,"column":17},"end":{"line":21,"column":56}}],"line":21},"4":{"loc":{"start":{"line":24,"column":8},"end":{"line":26,"column":9}},"type":"if","locations":[{"start":{"line":24,"column":8},"end":{"line":26,"column":9}},{"start":{},"end":{}}],"line":24},"5":{"loc":{"start":{"line":30,"column":8},"end":{"line":32,"column":9}},"type":"if","locations":[{"start":{"line":30,"column":8},"end":{"line":32,"column":9}},{"start":{},"end":{}}],"line":30},"6":{"loc":{"start":{"line":46,"column":8},"end":{"line":48,"column":9}},"type":"if","locations":[{"start":{"line":46,"column":8},"end":{"line":48,"column":9}},{"start":{},"end":{}}],"line":46}},"s":{"0":2,"1":2,"2":2,"3":2,"4":2,"5":2,"6":0,"7":0,"8":0,"9":0,"10":0,"11":0,"12":0,"13":0,"14":0,"15":0,"16":0,"17":0,"18":0,"19":0,"20":0,"21":0,"22":0,"23":0,"24":0,"25":2},"f":{"0":0},"b":{"0":[0,0],"1":[0,0],"2":[0,0],"3":[0,0],"4":[0,0],"5":[0,0],"6":[0,0]},"_coverageSchema":"1a1c01bbd47fc00a2c39e90264f33305004495a9","hash":"702704b82ecb42fde328308136d482f572096bb0"}
,"/Users/presleyomozuwa/Projects/CommonApp/backend/Structure/AppUser/appuser-controller.js": {"path":"/Users/presleyomozuwa/Projects/CommonApp/backend/Structure/AppUser/appuser-controller.js","statementMap":{"0":{"start":{"line":1,"column":16},"end":{"line":1,"column":34}},"1":{"start":{"line":2,"column":15},"end":{"line":2,"column":31}},"2":{"start":{"line":3,"column":60},"end":{"line":3,"column":88}},"3":{"start":{"line":4,"column":30},"end":{"line":4,"column":61}},"4":{"start":{"line":5,"column":29},"end":{"line":5,"column":59}},"5":{"start":{"line":7,"column":0},"end":{"line":16,"column":2}},"6":{"start":{"line":8,"column":4},"end":{"line":15,"column":5}},"7":{"start":{"line":9,"column":22},"end":{"line":9,"column":41}},"8":{"start":{"line":11,"column":8},"end":{"line":11,"column":37}},"9":{"start":{"line":14,"column":8},"end":{"line":14,"column":55}},"10":{"start":{"line":19,"column":0},"end":{"line":32,"column":2}},"11":{"start":{"line":20,"column":4},"end":{"line":31,"column":5}},"12":{"start":{"line":21,"column":30},"end":{"line":21,"column":83}},"13":{"start":{"line":23,"column":23},"end":{"line":23,"column":43}},"14":{"start":{"line":25,"column":21},"end":{"line":25,"column":45}},"15":{"start":{"line":27,"column":8},"end":{"line":27,"column":35}},"16":{"start":{"line":30,"column":8},"end":{"line":30,"column":55}},"17":{"start":{"line":34,"column":0},"end":{"line":49,"column":2}},"18":{"start":{"line":35,"column":4},"end":{"line":48,"column":5}},"19":{"start":{"line":36,"column":30},"end":{"line":36,"column":83}},"20":{"start":{"line":38,"column":23},"end":{"line":38,"column":43}},"21":{"start":{"line":40,"column":21},"end":{"line":40,"column":45}},"22":{"start":{"line":42,"column":8},"end":{"line":42,"column":53}},"23":{"start":{"line":44,"column":8},"end":{"line":44,"column":58}},"24":{"start":{"line":47,"column":8},"end":{"line":47,"column":55}},"25":{"start":{"line":51,"column":0},"end":{"line":64,"column":2}},"26":{"start":{"line":52,"column":4},"end":{"line":63,"column":5}},"27":{"start":{"line":53,"column":21},"end":{"line":53,"column":56}},"28":{"start":{"line":55,"column":32},"end":{"line":55,"column":58}},"29":{"start":{"line":57,"column":8},"end":{"line":57,"column":43}},"30":{"start":{"line":59,"column":8},"end":{"line":59,"column":60}},"31":{"start":{"line":62,"column":8},"end":{"line":62,"column":55}},"32":{"start":{"line":67,"column":0},"end":{"line":67,"column":23}}},"fnMap":{"0":{"name":"(anonymous_0)","decl":{"start":{"line":7,"column":25},"end":{"line":7,"column":26}},"loc":{"start":{"line":7,"column":45},"end":{"line":16,"column":1}},"line":7},"1":{"name":"(anonymous_1)","decl":{"start":{"line":19,"column":24},"end":{"line":19,"column":25}},"loc":{"start":{"line":19,"column":44},"end":{"line":32,"column":1}},"line":19},"2":{"name":"(anonymous_2)","decl":{"start":{"line":34,"column":31},"end":{"line":34,"column":32}},"loc":{"start":{"line":34,"column":51},"end":{"line":49,"column":1}},"line":34},"3":{"name":"(anonymous_3)","decl":{"start":{"line":51,"column":42},"end":{"line":51,"column":43}},"loc":{"start":{"line":51,"column":62},"end":{"line":64,"column":1}},"line":51}},"branchMap":{},"s":{"0":2,"1":2,"2":2,"3":2,"4":2,"5":2,"6":0,"7":0,"8":0,"9":0,"10":2,"11":0,"12":0,"13":0,"14":0,"15":0,"16":0,"17":2,"18":0,"19":0,"20":0,"21":0,"22":0,"23":0,"24":0,"25":2,"26":0,"27":0,"28":0,"29":0,"30":0,"31":0,"32":2},"f":{"0":0,"1":0,"2":0,"3":0},"b":{},"_coverageSchema":"1a1c01bbd47fc00a2c39e90264f33305004495a9","hash":"66c77ba0c07b2f27e01a9a1fb4f2f4d8fe37a19c"}
,"/Users/presleyomozuwa/Projects/CommonApp/backend/Structure/AppUser/appuser-service.js": {"path":"/Users/presleyomozuwa/Projects/CommonApp/backend/Structure/AppUser/appuser-service.js","statementMap":{"0":{"start":{"line":1,"column":13},"end":{"line":1,"column":44}},"1":{"start":{"line":2,"column":27},"end":{"line":2,"column":77}},"2":{"start":{"line":6,"column":20},"end":{"line":14,"column":1}},"3":{"start":{"line":7,"column":18},"end":{"line":7,"column":35}},"4":{"start":{"line":9,"column":4},"end":{"line":11,"column":5}},"5":{"start":{"line":10,"column":8},"end":{"line":10,"column":52}},"6":{"start":{"line":13,"column":4},"end":{"line":13,"column":17}},"7":{"start":{"line":17,"column":19},"end":{"line":25,"column":1}},"8":{"start":{"line":18,"column":17},"end":{"line":18,"column":52}},"9":{"start":{"line":20,"column":4},"end":{"line":22,"column":5}},"10":{"start":{"line":21,"column":8},"end":{"line":21,"column":42}},"11":{"start":{"line":24,"column":4},"end":{"line":24,"column":16}},"12":{"start":{"line":28,"column":23},"end":{"line":36,"column":1}},"13":{"start":{"line":29,"column":17},"end":{"line":29,"column":53}},"14":{"start":{"line":31,"column":4},"end":{"line":33,"column":5}},"15":{"start":{"line":32,"column":8},"end":{"line":32,"column":42}},"16":{"start":{"line":35,"column":4},"end":{"line":35,"column":16}},"17":{"start":{"line":39,"column":26},"end":{"line":47,"column":1}},"18":{"start":{"line":40,"column":17},"end":{"line":40,"column":69}},"19":{"start":{"line":42,"column":4},"end":{"line":44,"column":5}},"20":{"start":{"line":43,"column":8},"end":{"line":43,"column":42}},"21":{"start":{"line":46,"column":4},"end":{"line":46,"column":16}},"22":{"start":{"line":51,"column":19},"end":{"line":64,"column":1}},"23":{"start":{"line":52,"column":17},"end":{"line":52,"column":41}},"24":{"start":{"line":53,"column":4},"end":{"line":56,"column":6}},"25":{"start":{"line":58,"column":24},"end":{"line":58,"column":41}},"26":{"start":{"line":60,"column":4},"end":{"line":62,"column":5}},"27":{"start":{"line":61,"column":8},"end":{"line":61,"column":46}},"28":{"start":{"line":63,"column":4},"end":{"line":63,"column":22}},"29":{"start":{"line":66,"column":23},"end":{"line":77,"column":1}},"30":{"start":{"line":67,"column":4},"end":{"line":69,"column":6}},"31":{"start":{"line":71,"column":19},"end":{"line":71,"column":36}},"32":{"start":{"line":73,"column":4},"end":{"line":75,"column":5}},"33":{"start":{"line":74,"column":8},"end":{"line":74,"column":50}},"34":{"start":{"line":76,"column":4},"end":{"line":76,"column":18}},"35":{"start":{"line":79,"column":20},"end":{"line":91,"column":1}},"36":{"start":{"line":80,"column":4},"end":{"line":82,"column":6}},"37":{"start":{"line":84,"column":19},"end":{"line":84,"column":36}},"38":{"start":{"line":86,"column":4},"end":{"line":88,"column":5}},"39":{"start":{"line":87,"column":8},"end":{"line":87,"column":50}},"40":{"start":{"line":90,"column":4},"end":{"line":90,"column":18}},"41":{"start":{"line":93,"column":23},"end":{"line":108,"column":1}},"42":{"start":{"line":95,"column":17},"end":{"line":95,"column":50}},"43":{"start":{"line":97,"column":4},"end":{"line":99,"column":6}},"44":{"start":{"line":101,"column":19},"end":{"line":101,"column":36}},"45":{"start":{"line":103,"column":4},"end":{"line":105,"column":5}},"46":{"start":{"line":104,"column":8},"end":{"line":104,"column":50}},"47":{"start":{"line":107,"column":4},"end":{"line":107,"column":18}},"48":{"start":{"line":112,"column":19},"end":{"line":120,"column":1}},"49":{"start":{"line":113,"column":14},"end":{"line":113,"column":34}},"50":{"start":{"line":114,"column":17},"end":{"line":114,"column":37}},"51":{"start":{"line":115,"column":4},"end":{"line":115,"column":27}},"52":{"start":{"line":116,"column":4},"end":{"line":116,"column":25}},"53":{"start":{"line":117,"column":4},"end":{"line":117,"column":27}},"54":{"start":{"line":119,"column":4},"end":{"line":119,"column":15}},"55":{"start":{"line":123,"column":0},"end":{"line":123,"column":148}}},"fnMap":{"0":{"name":"(anonymous_0)","decl":{"start":{"line":6,"column":20},"end":{"line":6,"column":21}},"loc":{"start":{"line":6,"column":32},"end":{"line":14,"column":1}},"line":6},"1":{"name":"(anonymous_1)","decl":{"start":{"line":17,"column":19},"end":{"line":17,"column":20}},"loc":{"start":{"line":17,"column":37},"end":{"line":25,"column":1}},"line":17},"2":{"name":"(anonymous_2)","decl":{"start":{"line":28,"column":23},"end":{"line":28,"column":24}},"loc":{"start":{"line":28,"column":40},"end":{"line":36,"column":1}},"line":28},"3":{"name":"(anonymous_3)","decl":{"start":{"line":39,"column":26},"end":{"line":39,"column":27}},"loc":{"start":{"line":39,"column":48},"end":{"line":47,"column":1}},"line":39},"4":{"name":"(anonymous_4)","decl":{"start":{"line":51,"column":19},"end":{"line":51,"column":20}},"loc":{"start":{"line":51,"column":46},"end":{"line":64,"column":1}},"line":51},"5":{"name":"(anonymous_5)","decl":{"start":{"line":66,"column":23},"end":{"line":66,"column":24}},"loc":{"start":{"line":66,"column":49},"end":{"line":77,"column":1}},"line":66},"6":{"name":"(anonymous_6)","decl":{"start":{"line":79,"column":20},"end":{"line":79,"column":21}},"loc":{"start":{"line":79,"column":47},"end":{"line":91,"column":1}},"line":79},"7":{"name":"(anonymous_7)","decl":{"start":{"line":93,"column":23},"end":{"line":93,"column":24}},"loc":{"start":{"line":93,"column":52},"end":{"line":108,"column":1}},"line":93},"8":{"name":"(anonymous_8)","decl":{"start":{"line":112,"column":19},"end":{"line":112,"column":20}},"loc":{"start":{"line":112,"column":33},"end":{"line":120,"column":1}},"line":112}},"branchMap":{"0":{"loc":{"start":{"line":9,"column":4},"end":{"line":11,"column":5}},"type":"if","locations":[{"start":{"line":9,"column":4},"end":{"line":11,"column":5}},{"start":{},"end":{}}],"line":9},"1":{"loc":{"start":{"line":20,"column":4},"end":{"line":22,"column":5}},"type":"if","locations":[{"start":{"line":20,"column":4},"end":{"line":22,"column":5}},{"start":{},"end":{}}],"line":20},"2":{"loc":{"start":{"line":31,"column":4},"end":{"line":33,"column":5}},"type":"if","locations":[{"start":{"line":31,"column":4},"end":{"line":33,"column":5}},{"start":{},"end":{}}],"line":31},"3":{"loc":{"start":{"line":42,"column":4},"end":{"line":44,"column":5}},"type":"if","locations":[{"start":{"line":42,"column":4},"end":{"line":44,"column":5}},{"start":{},"end":{}}],"line":42},"4":{"loc":{"start":{"line":60,"column":4},"end":{"line":62,"column":5}},"type":"if","locations":[{"start":{"line":60,"column":4},"end":{"line":62,"column":5}},{"start":{},"end":{}}],"line":60},"5":{"loc":{"start":{"line":73,"column":4},"end":{"line":75,"column":5}},"type":"if","locations":[{"start":{"line":73,"column":4},"end":{"line":75,"column":5}},{"start":{},"end":{}}],"line":73},"6":{"loc":{"start":{"line":86,"column":4},"end":{"line":88,"column":5}},"type":"if","locations":[{"start":{"line":86,"column":4},"end":{"line":88,"column":5}},{"start":{},"end":{}}],"line":86},"7":{"loc":{"start":{"line":103,"column":4},"end":{"line":105,"column":5}},"type":"if","locations":[{"start":{"line":103,"column":4},"end":{"line":105,"column":5}},{"start":{},"end":{}}],"line":103}},"s":{"0":2,"1":2,"2":2,"3":0,"4":0,"5":0,"6":0,"7":2,"8":0,"9":0,"10":0,"11":0,"12":2,"13":0,"14":0,"15":0,"16":0,"17":2,"18":0,"19":0,"20":0,"21":0,"22":2,"23":0,"24":0,"25":0,"26":0,"27":0,"28":0,"29":2,"30":0,"31":0,"32":0,"33":0,"34":0,"35":2,"36":0,"37":0,"38":0,"39":0,"40":0,"41":2,"42":0,"43":0,"44":0,"45":0,"46":0,"47":0,"48":2,"49":0,"50":0,"51":0,"52":0,"53":0,"54":0,"55":2},"f":{"0":0,"1":0,"2":0,"3":0,"4":0,"5":0,"6":0,"7":0,"8":0},"b":{"0":[0,0],"1":[0,0],"2":[0,0],"3":[0,0],"4":[0,0],"5":[0,0],"6":[0,0],"7":[0,0]},"_coverageSchema":"1a1c01bbd47fc00a2c39e90264f33305004495a9","hash":"cac101bb062009d6bef90766a394a1009ee5594e"}
,"/Users/presleyomozuwa/Projects/CommonApp/backend/Structure/Cart_AuthUser/cart-controller.js": {"path":"/Users/presleyomozuwa/Projects/CommonApp/backend/Structure/Cart_AuthUser/cart-controller.js","statementMap":{"0":{"start":{"line":1,"column":16},"end":{"line":1,"column":34}},"1":{"start":{"line":2,"column":15},"end":{"line":2,"column":31}},"2":{"start":{"line":3,"column":23},"end":{"line":3,"column":60}},"3":{"start":{"line":4,"column":43},"end":{"line":4,"column":68}},"4":{"start":{"line":5,"column":52},"end":{"line":5,"column":81}},"5":{"start":{"line":6,"column":23},"end":{"line":6,"column":60}},"6":{"start":{"line":7,"column":30},"end":{"line":7,"column":61}},"7":{"start":{"line":10,"column":0},"end":{"line":30,"column":2}},"8":{"start":{"line":11,"column":4},"end":{"line":29,"column":5}},"9":{"start":{"line":12,"column":29},"end":{"line":12,"column":82}},"10":{"start":{"line":14,"column":23},"end":{"line":14,"column":43}},"11":{"start":{"line":16,"column":21},"end":{"line":16,"column":45}},"12":{"start":{"line":18,"column":21},"end":{"line":18,"column":49}},"13":{"start":{"line":20,"column":24},"end":{"line":20,"column":60}},"14":{"start":{"line":22,"column":29},"end":{"line":22,"column":70}},"15":{"start":{"line":24,"column":8},"end":{"line":24,"column":99}},"16":{"start":{"line":28,"column":8},"end":{"line":28,"column":55}},"17":{"start":{"line":32,"column":0},"end":{"line":47,"column":2}},"18":{"start":{"line":33,"column":4},"end":{"line":46,"column":5}},"19":{"start":{"line":34,"column":29},"end":{"line":34,"column":82}},"20":{"start":{"line":36,"column":23},"end":{"line":36,"column":43}},"21":{"start":{"line":38,"column":21},"end":{"line":38,"column":45}},"22":{"start":{"line":40,"column":21},"end":{"line":40,"column":53}},"23":{"start":{"line":42,"column":8},"end":{"line":42,"column":35}},"24":{"start":{"line":45,"column":8},"end":{"line":45,"column":55}},"25":{"start":{"line":50,"column":0},"end":{"line":69,"column":3}},"26":{"start":{"line":51,"column":4},"end":{"line":68,"column":5}},"27":{"start":{"line":52,"column":29},"end":{"line":52,"column":82}},"28":{"start":{"line":54,"column":23},"end":{"line":54,"column":43}},"29":{"start":{"line":56,"column":21},"end":{"line":56,"column":45}},"30":{"start":{"line":58,"column":21},"end":{"line":58,"column":49}},"31":{"start":{"line":60,"column":24},"end":{"line":60,"column":62}},"32":{"start":{"line":62,"column":8},"end":{"line":62,"column":55}},"33":{"start":{"line":64,"column":8},"end":{"line":64,"column":126}},"34":{"start":{"line":67,"column":8},"end":{"line":67,"column":53}},"35":{"start":{"line":72,"column":0},"end":{"line":72,"column":24}}},"fnMap":{"0":{"name":"(anonymous_0)","decl":{"start":{"line":10,"column":43},"end":{"line":10,"column":44}},"loc":{"start":{"line":10,"column":63},"end":{"line":30,"column":1}},"line":10},"1":{"name":"(anonymous_1)","decl":{"start":{"line":32,"column":24},"end":{"line":32,"column":25}},"loc":{"start":{"line":32,"column":44},"end":{"line":47,"column":1}},"line":32},"2":{"name":"(anonymous_2)","decl":{"start":{"line":50,"column":48},"end":{"line":50,"column":49}},"loc":{"start":{"line":50,"column":68},"end":{"line":69,"column":1}},"line":50}},"branchMap":{},"s":{"0":2,"1":2,"2":2,"3":2,"4":2,"5":2,"6":2,"7":2,"8":0,"9":0,"10":0,"11":0,"12":0,"13":0,"14":0,"15":0,"16":0,"17":2,"18":0,"19":0,"20":0,"21":0,"22":0,"23":0,"24":0,"25":2,"26":0,"27":0,"28":0,"29":0,"30":0,"31":0,"32":0,"33":0,"34":0,"35":2},"f":{"0":0,"1":0,"2":0},"b":{},"_coverageSchema":"1a1c01bbd47fc00a2c39e90264f33305004495a9","hash":"253374525f58df5f202e5441079db2ece2f61762"}
,"/Users/presleyomozuwa/Projects/CommonApp/backend/Structure/Cart_AuthUser/cart-service.js": {"path":"/Users/presleyomozuwa/Projects/CommonApp/backend/Structure/Cart_AuthUser/cart-service.js","statementMap":{"0":{"start":{"line":1,"column":17},"end":{"line":1,"column":50}},"1":{"start":{"line":3,"column":16},"end":{"line":6,"column":1}},"2":{"start":{"line":4,"column":17},"end":{"line":4,"column":53}},"3":{"start":{"line":5,"column":4},"end":{"line":5,"column":16}},"4":{"start":{"line":8,"column":21},"end":{"line":16,"column":1}},"5":{"start":{"line":9,"column":17},"end":{"line":9,"column":53}},"6":{"start":{"line":11,"column":4},"end":{"line":13,"column":5}},"7":{"start":{"line":12,"column":8},"end":{"line":12,"column":42}},"8":{"start":{"line":15,"column":4},"end":{"line":15,"column":16}},"9":{"start":{"line":18,"column":25},"end":{"line":26,"column":1}},"10":{"start":{"line":19,"column":17},"end":{"line":19,"column":74}},"11":{"start":{"line":21,"column":4},"end":{"line":23,"column":5}},"12":{"start":{"line":22,"column":8},"end":{"line":22,"column":42}},"13":{"start":{"line":25,"column":4},"end":{"line":25,"column":16}},"14":{"start":{"line":29,"column":0},"end":{"line":29,"column":60}}},"fnMap":{"0":{"name":"(anonymous_0)","decl":{"start":{"line":3,"column":16},"end":{"line":3,"column":17}},"loc":{"start":{"line":3,"column":34},"end":{"line":6,"column":1}},"line":3},"1":{"name":"(anonymous_1)","decl":{"start":{"line":8,"column":21},"end":{"line":8,"column":22}},"loc":{"start":{"line":8,"column":39},"end":{"line":16,"column":1}},"line":8},"2":{"name":"(anonymous_2)","decl":{"start":{"line":18,"column":25},"end":{"line":18,"column":26}},"loc":{"start":{"line":18,"column":43},"end":{"line":26,"column":1}},"line":18}},"branchMap":{"0":{"loc":{"start":{"line":11,"column":4},"end":{"line":13,"column":5}},"type":"if","locations":[{"start":{"line":11,"column":4},"end":{"line":13,"column":5}},{"start":{},"end":{}}],"line":11},"1":{"loc":{"start":{"line":21,"column":4},"end":{"line":23,"column":5}},"type":"if","locations":[{"start":{"line":21,"column":4},"end":{"line":23,"column":5}},{"start":{},"end":{}}],"line":21}},"s":{"0":2,"1":2,"2":1,"3":1,"4":2,"5":0,"6":0,"7":0,"8":0,"9":2,"10":0,"11":0,"12":0,"13":0,"14":2},"f":{"0":1,"1":0,"2":0},"b":{"0":[0,0],"1":[0,0]},"_coverageSchema":"1a1c01bbd47fc00a2c39e90264f33305004495a9","hash":"14fcc495009d1afbbd981d8015d3e0944427afd2"}
,"/Users/presleyomozuwa/Projects/CommonApp/backend/Structure/Cart_Subscription_Items/subcart-controller.js": {"path":"/Users/presleyomozuwa/Projects/CommonApp/backend/Structure/Cart_Subscription_Items/subcart-controller.js","statementMap":{"0":{"start":{"line":1,"column":16},"end":{"line":1,"column":34}},"1":{"start":{"line":2,"column":15},"end":{"line":2,"column":31}},"2":{"start":{"line":3,"column":23},"end":{"line":3,"column":60}},"3":{"start":{"line":4,"column":48},"end":{"line":4,"column":76}},"4":{"start":{"line":5,"column":58},"end":{"line":5,"column":97}},"5":{"start":{"line":6,"column":23},"end":{"line":6,"column":60}},"6":{"start":{"line":7,"column":30},"end":{"line":7,"column":61}},"7":{"start":{"line":9,"column":0},"end":{"line":29,"column":2}},"8":{"start":{"line":10,"column":4},"end":{"line":28,"column":5}},"9":{"start":{"line":11,"column":29},"end":{"line":11,"column":82}},"10":{"start":{"line":13,"column":23},"end":{"line":13,"column":43}},"11":{"start":{"line":15,"column":21},"end":{"line":15,"column":45}},"12":{"start":{"line":17,"column":24},"end":{"line":17,"column":55}},"13":{"start":{"line":19,"column":24},"end":{"line":19,"column":60}},"14":{"start":{"line":21,"column":8},"end":{"line":21,"column":56}},"15":{"start":{"line":23,"column":8},"end":{"line":23,"column":71}},"16":{"start":{"line":27,"column":8},"end":{"line":27,"column":55}},"17":{"start":{"line":31,"column":0},"end":{"line":46,"column":2}},"18":{"start":{"line":32,"column":4},"end":{"line":45,"column":5}},"19":{"start":{"line":33,"column":29},"end":{"line":33,"column":82}},"20":{"start":{"line":35,"column":23},"end":{"line":35,"column":43}},"21":{"start":{"line":37,"column":21},"end":{"line":37,"column":45}},"22":{"start":{"line":39,"column":24},"end":{"line":39,"column":59}},"23":{"start":{"line":41,"column":8},"end":{"line":41,"column":41}},"24":{"start":{"line":44,"column":8},"end":{"line":44,"column":55}},"25":{"start":{"line":49,"column":0},"end":{"line":68,"column":3}},"26":{"start":{"line":50,"column":4},"end":{"line":67,"column":5}},"27":{"start":{"line":51,"column":29},"end":{"line":51,"column":82}},"28":{"start":{"line":53,"column":23},"end":{"line":53,"column":43}},"29":{"start":{"line":55,"column":21},"end":{"line":55,"column":45}},"30":{"start":{"line":57,"column":24},"end":{"line":57,"column":55}},"31":{"start":{"line":59,"column":24},"end":{"line":59,"column":62}},"32":{"start":{"line":61,"column":8},"end":{"line":61,"column":61}},"33":{"start":{"line":63,"column":8},"end":{"line":63,"column":94}},"34":{"start":{"line":66,"column":8},"end":{"line":66,"column":53}},"35":{"start":{"line":70,"column":0},"end":{"line":70,"column":24}}},"fnMap":{"0":{"name":"(anonymous_0)","decl":{"start":{"line":9,"column":34},"end":{"line":9,"column":35}},"loc":{"start":{"line":9,"column":54},"end":{"line":29,"column":1}},"line":9},"1":{"name":"(anonymous_1)","decl":{"start":{"line":31,"column":28},"end":{"line":31,"column":29}},"loc":{"start":{"line":31,"column":48},"end":{"line":46,"column":1}},"line":31},"2":{"name":"(anonymous_2)","decl":{"start":{"line":49,"column":52},"end":{"line":49,"column":53}},"loc":{"start":{"line":49,"column":72},"end":{"line":68,"column":1}},"line":49}},"branchMap":{},"s":{"0":2,"1":2,"2":2,"3":2,"4":2,"5":2,"6":2,"7":2,"8":0,"9":0,"10":0,"11":0,"12":0,"13":0,"14":0,"15":0,"16":0,"17":2,"18":0,"19":0,"20":0,"21":0,"22":0,"23":0,"24":0,"25":2,"26":0,"27":0,"28":0,"29":0,"30":0,"31":0,"32":0,"33":0,"34":0,"35":2},"f":{"0":0,"1":0,"2":0},"b":{},"_coverageSchema":"1a1c01bbd47fc00a2c39e90264f33305004495a9","hash":"af1eb907c89b5374d781fdc9f46a39c4eeeae06f"}
,"/Users/presleyomozuwa/Projects/CommonApp/backend/Structure/Cart_Subscription_Items/subcart-service.js": {"path":"/Users/presleyomozuwa/Projects/CommonApp/backend/Structure/Cart_Subscription_Items/subcart-service.js","statementMap":{"0":{"start":{"line":1,"column":20},"end":{"line":1,"column":53}},"1":{"start":{"line":3,"column":19},"end":{"line":6,"column":1}},"2":{"start":{"line":4,"column":20},"end":{"line":4,"column":59}},"3":{"start":{"line":5,"column":4},"end":{"line":5,"column":19}},"4":{"start":{"line":8,"column":24},"end":{"line":16,"column":1}},"5":{"start":{"line":9,"column":20},"end":{"line":9,"column":59}},"6":{"start":{"line":11,"column":4},"end":{"line":13,"column":5}},"7":{"start":{"line":12,"column":8},"end":{"line":12,"column":45}},"8":{"start":{"line":15,"column":4},"end":{"line":15,"column":19}},"9":{"start":{"line":18,"column":28},"end":{"line":26,"column":1}},"10":{"start":{"line":19,"column":20},"end":{"line":19,"column":80}},"11":{"start":{"line":21,"column":4},"end":{"line":23,"column":5}},"12":{"start":{"line":22,"column":8},"end":{"line":22,"column":45}},"13":{"start":{"line":25,"column":4},"end":{"line":25,"column":19}},"14":{"start":{"line":29,"column":0},"end":{"line":29,"column":69}}},"fnMap":{"0":{"name":"(anonymous_0)","decl":{"start":{"line":3,"column":19},"end":{"line":3,"column":20}},"loc":{"start":{"line":3,"column":37},"end":{"line":6,"column":1}},"line":3},"1":{"name":"(anonymous_1)","decl":{"start":{"line":8,"column":24},"end":{"line":8,"column":25}},"loc":{"start":{"line":8,"column":42},"end":{"line":16,"column":1}},"line":8},"2":{"name":"(anonymous_2)","decl":{"start":{"line":18,"column":28},"end":{"line":18,"column":29}},"loc":{"start":{"line":18,"column":46},"end":{"line":26,"column":1}},"line":18}},"branchMap":{"0":{"loc":{"start":{"line":11,"column":4},"end":{"line":13,"column":5}},"type":"if","locations":[{"start":{"line":11,"column":4},"end":{"line":13,"column":5}},{"start":{},"end":{}}],"line":11},"1":{"loc":{"start":{"line":21,"column":4},"end":{"line":23,"column":5}},"type":"if","locations":[{"start":{"line":21,"column":4},"end":{"line":23,"column":5}},{"start":{},"end":{}}],"line":21}},"s":{"0":2,"1":2,"2":1,"3":1,"4":2,"5":0,"6":0,"7":0,"8":0,"9":2,"10":0,"11":0,"12":0,"13":0,"14":2},"f":{"0":1,"1":0,"2":0},"b":{"0":[0,0],"1":[0,0]},"_coverageSchema":"1a1c01bbd47fc00a2c39e90264f33305004495a9","hash":"a72a0491277d5064d041f4c6b04c81b0a0ef20a9"}
,"/Users/presleyomozuwa/Projects/CommonApp/backend/Structure/Cart_UnregisteredUser/unregistered-user-cart-controller.js": {"path":"/Users/presleyomozuwa/Projects/CommonApp/backend/Structure/Cart_UnregisteredUser/unregistered-user-cart-controller.js","statementMap":{"0":{"start":{"line":1,"column":16},"end":{"line":1,"column":34}},"1":{"start":{"line":2,"column":15},"end":{"line":2,"column":31}},"2":{"start":{"line":3,"column":23},"end":{"line":3,"column":60}},"3":{"start":{"line":4,"column":26},"end":{"line":4,"column":63}},"4":{"start":{"line":61,"column":0},"end":{"line":81,"column":2}},"5":{"start":{"line":62,"column":4},"end":{"line":79,"column":5}},"6":{"start":{"line":64,"column":8},"end":{"line":64,"column":36}},"7":{"start":{"line":65,"column":24},"end":{"line":65,"column":60}},"8":{"start":{"line":66,"column":22},"end":{"line":66,"column":83}},"9":{"start":{"line":66,"column":58},"end":{"line":66,"column":82}},"10":{"start":{"line":68,"column":8},"end":{"line":75,"column":9}},"11":{"start":{"line":69,"column":12},"end":{"line":69,"column":47}},"12":{"start":{"line":70,"column":12},"end":{"line":70,"column":42}},"13":{"start":{"line":71,"column":12},"end":{"line":71,"column":73}},"14":{"start":{"line":74,"column":12},"end":{"line":74,"column":53}},"15":{"start":{"line":78,"column":8},"end":{"line":78,"column":53}},"16":{"start":{"line":85,"column":0},"end":{"line":97,"column":3}},"17":{"start":{"line":86,"column":4},"end":{"line":96,"column":5}},"18":{"start":{"line":88,"column":8},"end":{"line":90,"column":9}},"19":{"start":{"line":89,"column":12},"end":{"line":89,"column":45}},"20":{"start":{"line":92,"column":8},"end":{"line":92,"column":64}},"21":{"start":{"line":95,"column":8},"end":{"line":95,"column":53}},"22":{"start":{"line":101,"column":0},"end":{"line":118,"column":3}},"23":{"start":{"line":102,"column":4},"end":{"line":117,"column":5}},"24":{"start":{"line":104,"column":24},"end":{"line":104,"column":87}},"25":{"start":{"line":104,"column":58},"end":{"line":104,"column":86}},"26":{"start":{"line":106,"column":8},"end":{"line":108,"column":9}},"27":{"start":{"line":107,"column":12},"end":{"line":107,"column":68}},"28":{"start":{"line":110,"column":20},"end":{"line":110,"column":58}},"29":{"start":{"line":111,"column":8},"end":{"line":111,"column":47}},"30":{"start":{"line":113,"column":8},"end":{"line":113,"column":97}},"31":{"start":{"line":116,"column":8},"end":{"line":116,"column":53}},"32":{"start":{"line":122,"column":0},"end":{"line":122,"column":24}}},"fnMap":{"0":{"name":"(anonymous_0)","decl":{"start":{"line":61,"column":40},"end":{"line":61,"column":41}},"loc":{"start":{"line":61,"column":60},"end":{"line":81,"column":1}},"line":61},"1":{"name":"(anonymous_1)","decl":{"start":{"line":66,"column":48},"end":{"line":66,"column":49}},"loc":{"start":{"line":66,"column":58},"end":{"line":66,"column":82}},"line":66},"2":{"name":"(anonymous_2)","decl":{"start":{"line":85,"column":43},"end":{"line":85,"column":44}},"loc":{"start":{"line":85,"column":57},"end":{"line":97,"column":1}},"line":85},"3":{"name":"(anonymous_3)","decl":{"start":{"line":101,"column":42},"end":{"line":101,"column":43}},"loc":{"start":{"line":101,"column":56},"end":{"line":118,"column":1}},"line":101},"4":{"name":"(anonymous_4)","decl":{"start":{"line":104,"column":51},"end":{"line":104,"column":52}},"loc":{"start":{"line":104,"column":58},"end":{"line":104,"column":86}},"line":104}},"branchMap":{"0":{"loc":{"start":{"line":68,"column":8},"end":{"line":75,"column":9}},"type":"if","locations":[{"start":{"line":68,"column":8},"end":{"line":75,"column":9}},{"start":{"line":73,"column":12},"end":{"line":75,"column":9}}],"line":68},"1":{"loc":{"start":{"line":68,"column":11},"end":{"line":68,"column":47}},"type":"binary-expr","locations":[{"start":{"line":68,"column":11},"end":{"line":68,"column":17}},{"start":{"line":68,"column":21},"end":{"line":68,"column":47}}],"line":68},"2":{"loc":{"start":{"line":88,"column":8},"end":{"line":90,"column":9}},"type":"if","locations":[{"start":{"line":88,"column":8},"end":{"line":90,"column":9}},{"start":{},"end":{}}],"line":88},"3":{"loc":{"start":{"line":106,"column":8},"end":{"line":108,"column":9}},"type":"if","locations":[{"start":{"line":106,"column":8},"end":{"line":108,"column":9}},{"start":{},"end":{}}],"line":106}},"s":{"0":2,"1":2,"2":2,"3":2,"4":2,"5":0,"6":0,"7":0,"8":0,"9":0,"10":0,"11":0,"12":0,"13":0,"14":0,"15":0,"16":2,"17":0,"18":0,"19":0,"20":0,"21":0,"22":2,"23":0,"24":0,"25":0,"26":0,"27":0,"28":0,"29":0,"30":0,"31":0,"32":2},"f":{"0":0,"1":0,"2":0,"3":0,"4":0},"b":{"0":[0,0],"1":[0,0],"2":[0,0],"3":[0,0]},"_coverageSchema":"1a1c01bbd47fc00a2c39e90264f33305004495a9","hash":"d6f2760174099adee274dca1ad52f4aed2b5c26a"}
,"/Users/presleyomozuwa/Projects/CommonApp/backend/Structure/Category/category-controller.js": {"path":"/Users/presleyomozuwa/Projects/CommonApp/backend/Structure/Category/category-controller.js","statementMap":{"0":{"start":{"line":1,"column":16},"end":{"line":1,"column":34}},"1":{"start":{"line":2,"column":15},"end":{"line":2,"column":31}},"2":{"start":{"line":3,"column":89},"end":{"line":3,"column":118}},"3":{"start":{"line":4,"column":23},"end":{"line":4,"column":60}},"4":{"start":{"line":5,"column":30},"end":{"line":5,"column":61}},"5":{"start":{"line":8,"column":0},"end":{"line":26,"column":2}},"6":{"start":{"line":9,"column":4},"end":{"line":25,"column":5}},"7":{"start":{"line":10,"column":29},"end":{"line":10,"column":82}},"8":{"start":{"line":12,"column":24},"end":{"line":12,"column":44}},"9":{"start":{"line":14,"column":22},"end":{"line":14,"column":47}},"10":{"start":{"line":16,"column":8},"end":{"line":20,"column":9}},"11":{"start":{"line":17,"column":31},"end":{"line":17,"column":54}},"12":{"start":{"line":19,"column":12},"end":{"line":19,"column":60}},"13":{"start":{"line":24,"column":8},"end":{"line":24,"column":55}},"14":{"start":{"line":28,"column":0},"end":{"line":45,"column":2}},"15":{"start":{"line":29,"column":4},"end":{"line":44,"column":5}},"16":{"start":{"line":30,"column":29},"end":{"line":30,"column":82}},"17":{"start":{"line":32,"column":24},"end":{"line":32,"column":44}},"18":{"start":{"line":34,"column":22},"end":{"line":34,"column":47}},"19":{"start":{"line":36,"column":8},"end":{"line":39,"column":9}},"20":{"start":{"line":37,"column":29},"end":{"line":37,"column":69}},"21":{"start":{"line":38,"column":12},"end":{"line":38,"column":47}},"22":{"start":{"line":43,"column":8},"end":{"line":43,"column":55}},"23":{"start":{"line":47,"column":0},"end":{"line":64,"column":2}},"24":{"start":{"line":48,"column":4},"end":{"line":63,"column":5}},"25":{"start":{"line":49,"column":29},"end":{"line":49,"column":82}},"26":{"start":{"line":51,"column":24},"end":{"line":51,"column":44}},"27":{"start":{"line":53,"column":22},"end":{"line":53,"column":47}},"28":{"start":{"line":55,"column":8},"end":{"line":58,"column":9}},"29":{"start":{"line":56,"column":12},"end":{"line":56,"column":50}},"30":{"start":{"line":57,"column":12},"end":{"line":57,"column":68}},"31":{"start":{"line":62,"column":8},"end":{"line":62,"column":55}},"32":{"start":{"line":66,"column":0},"end":{"line":84,"column":2}},"33":{"start":{"line":67,"column":4},"end":{"line":83,"column":5}},"34":{"start":{"line":68,"column":29},"end":{"line":68,"column":82}},"35":{"start":{"line":70,"column":24},"end":{"line":70,"column":44}},"36":{"start":{"line":72,"column":22},"end":{"line":72,"column":47}},"37":{"start":{"line":74,"column":8},"end":{"line":78,"column":9}},"38":{"start":{"line":75,"column":12},"end":{"line":75,"column":51}},"39":{"start":{"line":77,"column":12},"end":{"line":77,"column":66}},"40":{"start":{"line":82,"column":8},"end":{"line":82,"column":55}},"41":{"start":{"line":87,"column":0},"end":{"line":105,"column":2}},"42":{"start":{"line":88,"column":4},"end":{"line":104,"column":5}},"43":{"start":{"line":89,"column":29},"end":{"line":89,"column":82}},"44":{"start":{"line":91,"column":24},"end":{"line":91,"column":44}},"45":{"start":{"line":93,"column":22},"end":{"line":93,"column":47}},"46":{"start":{"line":95,"column":8},"end":{"line":99,"column":9}},"47":{"start":{"line":96,"column":40},"end":{"line":96,"column":83}},"48":{"start":{"line":98,"column":12},"end":{"line":98,"column":104}},"49":{"start":{"line":103,"column":8},"end":{"line":103,"column":55}},"50":{"start":{"line":108,"column":0},"end":{"line":108,"column":23}}},"fnMap":{"0":{"name":"(anonymous_0)","decl":{"start":{"line":8,"column":33},"end":{"line":8,"column":34}},"loc":{"start":{"line":8,"column":53},"end":{"line":26,"column":1}},"line":8},"1":{"name":"(anonymous_1)","decl":{"start":{"line":28,"column":40},"end":{"line":28,"column":41}},"loc":{"start":{"line":28,"column":60},"end":{"line":45,"column":1}},"line":28},"2":{"name":"(anonymous_2)","decl":{"start":{"line":47,"column":36},"end":{"line":47,"column":37}},"loc":{"start":{"line":47,"column":56},"end":{"line":64,"column":1}},"line":47},"3":{"name":"(anonymous_3)","decl":{"start":{"line":66,"column":35},"end":{"line":66,"column":36}},"loc":{"start":{"line":66,"column":55},"end":{"line":84,"column":1}},"line":66},"4":{"name":"(anonymous_4)","decl":{"start":{"line":87,"column":50},"end":{"line":87,"column":51}},"loc":{"start":{"line":87,"column":70},"end":{"line":105,"column":1}},"line":87}},"branchMap":{"0":{"loc":{"start":{"line":16,"column":8},"end":{"line":20,"column":9}},"type":"if","locations":[{"start":{"line":16,"column":8},"end":{"line":20,"column":9}},{"start":{},"end":{}}],"line":16},"1":{"loc":{"start":{"line":36,"column":8},"end":{"line":39,"column":9}},"type":"if","locations":[{"start":{"line":36,"column":8},"end":{"line":39,"column":9}},{"start":{},"end":{}}],"line":36},"2":{"loc":{"start":{"line":55,"column":8},"end":{"line":58,"column":9}},"type":"if","locations":[{"start":{"line":55,"column":8},"end":{"line":58,"column":9}},{"start":{},"end":{}}],"line":55},"3":{"loc":{"start":{"line":74,"column":8},"end":{"line":78,"column":9}},"type":"if","locations":[{"start":{"line":74,"column":8},"end":{"line":78,"column":9}},{"start":{},"end":{}}],"line":74},"4":{"loc":{"start":{"line":95,"column":8},"end":{"line":99,"column":9}},"type":"if","locations":[{"start":{"line":95,"column":8},"end":{"line":99,"column":9}},{"start":{},"end":{}}],"line":95}},"s":{"0":2,"1":2,"2":2,"3":2,"4":2,"5":2,"6":0,"7":0,"8":0,"9":0,"10":0,"11":0,"12":0,"13":0,"14":2,"15":0,"16":0,"17":0,"18":0,"19":0,"20":0,"21":0,"22":0,"23":2,"24":0,"25":0,"26":0,"27":0,"28":0,"29":0,"30":0,"31":0,"32":2,"33":0,"34":0,"35":0,"36":0,"37":0,"38":0,"39":0,"40":0,"41":2,"42":0,"43":0,"44":0,"45":0,"46":0,"47":0,"48":0,"49":0,"50":2},"f":{"0":0,"1":0,"2":0,"3":0,"4":0},"b":{"0":[0,0],"1":[0,0],"2":[0,0],"3":[0,0],"4":[0,0]},"_coverageSchema":"1a1c01bbd47fc00a2c39e90264f33305004495a9","hash":"1338f8b64fe22d3c5f7111856bb070ac412509d9"}
,"/Users/presleyomozuwa/Projects/CommonApp/backend/Structure/Category/category-service.js": {"path":"/Users/presleyomozuwa/Projects/CommonApp/backend/Structure/Category/category-service.js","statementMap":{"0":{"start":{"line":1,"column":21},"end":{"line":1,"column":54}},"1":{"start":{"line":4,"column":23},"end":{"line":15,"column":1}},"2":{"start":{"line":5,"column":21},"end":{"line":8,"column":6}},"3":{"start":{"line":10,"column":4},"end":{"line":12,"column":5}},"4":{"start":{"line":11,"column":8},"end":{"line":11,"column":52}},"5":{"start":{"line":14,"column":4},"end":{"line":14,"column":20}},"6":{"start":{"line":19,"column":24},"end":{"line":26,"column":1}},"7":{"start":{"line":20,"column":25},"end":{"line":20,"column":46}},"8":{"start":{"line":22,"column":4},"end":{"line":24,"column":5}},"9":{"start":{"line":23,"column":8},"end":{"line":23,"column":56}},"10":{"start":{"line":25,"column":4},"end":{"line":25,"column":24}},"11":{"start":{"line":28,"column":25},"end":{"line":35,"column":1}},"12":{"start":{"line":29,"column":26},"end":{"line":29,"column":47}},"13":{"start":{"line":31,"column":4},"end":{"line":33,"column":5}},"14":{"start":{"line":32,"column":8},"end":{"line":32,"column":57}},"15":{"start":{"line":34,"column":4},"end":{"line":34,"column":25}},"16":{"start":{"line":40,"column":20},"end":{"line":48,"column":1}},"17":{"start":{"line":41,"column":21},"end":{"line":41,"column":64}},"18":{"start":{"line":43,"column":4},"end":{"line":45,"column":5}},"19":{"start":{"line":44,"column":8},"end":{"line":44,"column":57}},"20":{"start":{"line":47,"column":4},"end":{"line":47,"column":19}},"21":{"start":{"line":51,"column":26},"end":{"line":59,"column":1}},"22":{"start":{"line":52,"column":27},"end":{"line":52,"column":71}},"23":{"start":{"line":54,"column":4},"end":{"line":56,"column":5}},"24":{"start":{"line":55,"column":8},"end":{"line":55,"column":57}},"25":{"start":{"line":58,"column":4},"end":{"line":58,"column":25}},"26":{"start":{"line":63,"column":23},"end":{"line":77,"column":1}},"27":{"start":{"line":64,"column":21},"end":{"line":64,"column":61}},"28":{"start":{"line":66,"column":4},"end":{"line":68,"column":7}},"29":{"start":{"line":70,"column":28},"end":{"line":70,"column":49}},"30":{"start":{"line":72,"column":4},"end":{"line":74,"column":5}},"31":{"start":{"line":73,"column":8},"end":{"line":73,"column":49}},"32":{"start":{"line":76,"column":4},"end":{"line":76,"column":26}},"33":{"start":{"line":81,"column":23},"end":{"line":93,"column":1}},"34":{"start":{"line":82,"column":14},"end":{"line":82,"column":16}},"35":{"start":{"line":84,"column":21},"end":{"line":84,"column":50}},"36":{"start":{"line":86,"column":4},"end":{"line":86,"column":31}},"37":{"start":{"line":88,"column":4},"end":{"line":88,"column":35}},"38":{"start":{"line":90,"column":4},"end":{"line":90,"column":25}},"39":{"start":{"line":92,"column":4},"end":{"line":92,"column":15}},"40":{"start":{"line":96,"column":0},"end":{"line":96,"column":134}}},"fnMap":{"0":{"name":"(anonymous_0)","decl":{"start":{"line":4,"column":23},"end":{"line":4,"column":24}},"loc":{"start":{"line":4,"column":42},"end":{"line":15,"column":1}},"line":4},"1":{"name":"(anonymous_1)","decl":{"start":{"line":19,"column":24},"end":{"line":19,"column":25}},"loc":{"start":{"line":19,"column":36},"end":{"line":26,"column":1}},"line":19},"2":{"name":"(anonymous_2)","decl":{"start":{"line":28,"column":25},"end":{"line":28,"column":26}},"loc":{"start":{"line":28,"column":37},"end":{"line":35,"column":1}},"line":28},"3":{"name":"(anonymous_3)","decl":{"start":{"line":40,"column":20},"end":{"line":40,"column":21}},"loc":{"start":{"line":40,"column":42},"end":{"line":48,"column":1}},"line":40},"4":{"name":"(anonymous_4)","decl":{"start":{"line":51,"column":26},"end":{"line":51,"column":27}},"loc":{"start":{"line":51,"column":45},"end":{"line":59,"column":1}},"line":51},"5":{"name":"(anonymous_5)","decl":{"start":{"line":63,"column":23},"end":{"line":63,"column":24}},"loc":{"start":{"line":63,"column":42},"end":{"line":77,"column":1}},"line":63},"6":{"name":"(anonymous_6)","decl":{"start":{"line":81,"column":23},"end":{"line":81,"column":24}},"loc":{"start":{"line":81,"column":45},"end":{"line":93,"column":1}},"line":81}},"branchMap":{"0":{"loc":{"start":{"line":10,"column":4},"end":{"line":12,"column":5}},"type":"if","locations":[{"start":{"line":10,"column":4},"end":{"line":12,"column":5}},{"start":{},"end":{}}],"line":10},"1":{"loc":{"start":{"line":22,"column":4},"end":{"line":24,"column":5}},"type":"if","locations":[{"start":{"line":22,"column":4},"end":{"line":24,"column":5}},{"start":{},"end":{}}],"line":22},"2":{"loc":{"start":{"line":31,"column":4},"end":{"line":33,"column":5}},"type":"if","locations":[{"start":{"line":31,"column":4},"end":{"line":33,"column":5}},{"start":{},"end":{}}],"line":31},"3":{"loc":{"start":{"line":43,"column":4},"end":{"line":45,"column":5}},"type":"if","locations":[{"start":{"line":43,"column":4},"end":{"line":45,"column":5}},{"start":{},"end":{}}],"line":43},"4":{"loc":{"start":{"line":54,"column":4},"end":{"line":56,"column":5}},"type":"if","locations":[{"start":{"line":54,"column":4},"end":{"line":56,"column":5}},{"start":{},"end":{}}],"line":54},"5":{"loc":{"start":{"line":72,"column":4},"end":{"line":74,"column":5}},"type":"if","locations":[{"start":{"line":72,"column":4},"end":{"line":74,"column":5}},{"start":{},"end":{}}],"line":72}},"s":{"0":2,"1":2,"2":0,"3":0,"4":0,"5":0,"6":2,"7":0,"8":0,"9":0,"10":0,"11":2,"12":0,"13":0,"14":0,"15":0,"16":2,"17":0,"18":0,"19":0,"20":0,"21":2,"22":0,"23":0,"24":0,"25":0,"26":2,"27":0,"28":0,"29":0,"30":0,"31":0,"32":0,"33":2,"34":0,"35":0,"36":0,"37":0,"38":0,"39":0,"40":2},"f":{"0":0,"1":0,"2":0,"3":0,"4":0,"5":0,"6":0},"b":{"0":[0,0],"1":[0,0],"2":[0,0],"3":[0,0],"4":[0,0],"5":[0,0]},"_coverageSchema":"1a1c01bbd47fc00a2c39e90264f33305004495a9","hash":"7e8e86826121501349fbab1bae225199cc29454d"}
,"/Users/presleyomozuwa/Projects/CommonApp/backend/Structure/Login/login-controller.js": {"path":"/Users/presleyomozuwa/Projects/CommonApp/backend/Structure/Login/login-controller.js","statementMap":{"0":{"start":{"line":1,"column":16},"end":{"line":1,"column":34}},"1":{"start":{"line":2,"column":15},"end":{"line":2,"column":31}},"2":{"start":{"line":3,"column":0},"end":{"line":3,"column":54}},"3":{"start":{"line":4,"column":15},"end":{"line":4,"column":56}},"4":{"start":{"line":5,"column":23},"end":{"line":5,"column":60}},"5":{"start":{"line":6,"column":144},"end":{"line":6,"column":175}},"6":{"start":{"line":7,"column":22},"end":{"line":7,"column":48}},"7":{"start":{"line":8,"column":58},"end":{"line":8,"column":95}},"8":{"start":{"line":9,"column":13},"end":{"line":9,"column":44}},"9":{"start":{"line":10,"column":24},"end":{"line":10,"column":67}},"10":{"start":{"line":11,"column":29},"end":{"line":11,"column":58}},"11":{"start":{"line":12,"column":26},"end":{"line":12,"column":43}},"12":{"start":{"line":13,"column":25},"end":{"line":13,"column":50}},"13":{"start":{"line":16,"column":0},"end":{"line":39,"column":3}},"14":{"start":{"line":18,"column":4},"end":{"line":38,"column":5}},"15":{"start":{"line":20,"column":8},"end":{"line":20,"column":70}},"16":{"start":{"line":22,"column":26},"end":{"line":22,"column":45}},"17":{"start":{"line":24,"column":8},"end":{"line":24,"column":49}},"18":{"start":{"line":26,"column":20},"end":{"line":26,"column":57}},"19":{"start":{"line":28,"column":25},"end":{"line":31,"column":10}},"20":{"start":{"line":33,"column":8},"end":{"line":33,"column":97}},"21":{"start":{"line":37,"column":8},"end":{"line":37,"column":71}},"22":{"start":{"line":41,"column":0},"end":{"line":64,"column":3}},"23":{"start":{"line":42,"column":4},"end":{"line":62,"column":5}},"24":{"start":{"line":43,"column":33},"end":{"line":43,"column":49}},"25":{"start":{"line":45,"column":21},"end":{"line":45,"column":45}},"26":{"start":{"line":46,"column":24},"end":{"line":46,"column":38}},"27":{"start":{"line":48,"column":24},"end":{"line":48,"column":76}},"28":{"start":{"line":54,"column":27},"end":{"line":54,"column":53}},"29":{"start":{"line":55,"column":8},"end":{"line":55,"column":48}},"30":{"start":{"line":57,"column":8},"end":{"line":57,"column":112}},"31":{"start":{"line":61,"column":8},"end":{"line":61,"column":53}},"32":{"start":{"line":67,"column":0},"end":{"line":116,"column":3}},"33":{"start":{"line":68,"column":4},"end":{"line":115,"column":5}},"34":{"start":{"line":70,"column":36},"end":{"line":70,"column":52}},"35":{"start":{"line":72,"column":24},"end":{"line":72,"column":64}},"36":{"start":{"line":74,"column":8},"end":{"line":76,"column":9}},"37":{"start":{"line":75,"column":12},"end":{"line":75,"column":54}},"38":{"start":{"line":78,"column":21},"end":{"line":78,"column":65}},"39":{"start":{"line":80,"column":8},"end":{"line":110,"column":9}},"40":{"start":{"line":81,"column":31},"end":{"line":81,"column":57}},"41":{"start":{"line":82,"column":12},"end":{"line":82,"column":69}},"42":{"start":{"line":84,"column":12},"end":{"line":84,"column":136}},"43":{"start":{"line":87,"column":29},"end":{"line":89,"column":14}},"44":{"start":{"line":91,"column":27},"end":{"line":98,"column":14}},"45":{"start":{"line":100,"column":12},"end":{"line":102,"column":13}},"46":{"start":{"line":101,"column":16},"end":{"line":101,"column":69}},"47":{"start":{"line":104,"column":12},"end":{"line":104,"column":43}},"48":{"start":{"line":106,"column":31},"end":{"line":106,"column":55}},"49":{"start":{"line":107,"column":12},"end":{"line":107,"column":55}},"50":{"start":{"line":109,"column":12},"end":{"line":109,"column":138}},"51":{"start":{"line":114,"column":8},"end":{"line":114,"column":53}},"52":{"start":{"line":119,"column":0},"end":{"line":136,"column":3}},"53":{"start":{"line":121,"column":4},"end":{"line":135,"column":5}},"54":{"start":{"line":122,"column":29},"end":{"line":122,"column":74}},"55":{"start":{"line":124,"column":23},"end":{"line":124,"column":43}},"56":{"start":{"line":126,"column":21},"end":{"line":126,"column":45}},"57":{"start":{"line":128,"column":8},"end":{"line":128,"column":59}},"58":{"start":{"line":130,"column":8},"end":{"line":130,"column":79}},"59":{"start":{"line":134,"column":8},"end":{"line":134,"column":53}},"60":{"start":{"line":140,"column":0},"end":{"line":161,"column":3}},"61":{"start":{"line":141,"column":4},"end":{"line":159,"column":5}},"62":{"start":{"line":142,"column":29},"end":{"line":142,"column":75}},"63":{"start":{"line":144,"column":23},"end":{"line":144,"column":43}},"64":{"start":{"line":146,"column":21},"end":{"line":146,"column":
[...]
{"line":86,"column":12},"end":{"line":86,"column":66}},"36":{"start":{"line":88,"column":20},"end":{"line":88,"column":49}},"37":{"start":{"line":89,"column":8},"end":{"line":96,"column":10}},"38":{"start":{"line":90,"column":12},"end":{"line":95,"column":13}},"39":{"start":{"line":91,"column":16},"end":{"line":91,"column":62}},"40":{"start":{"line":94,"column":16},"end":{"line":94,"column":38}},"41":{"start":{"line":100,"column":27},"end":{"line":112,"column":1}},"42":{"start":{"line":101,"column":16},"end":{"line":101,"column":52}},"43":{"start":{"line":102,"column":20},"end":{"line":105,"column":5}},"44":{"start":{"line":106,"column":20},"end":{"line":109,"column":5}},"45":{"start":{"line":111,"column":4},"end":{"line":111,"column":43}},"46":{"start":{"line":114,"column":25},"end":{"line":124,"column":1}},"47":{"start":{"line":115,"column":16},"end":{"line":115,"column":52}},"48":{"start":{"line":116,"column":4},"end":{"line":122,"column":5}},"49":{"start":{"line":117,"column":8},"end":{"line":119,"column":10}},"50":{"start":{"line":121,"column":8},"end":{"line":121,"column":25}},"51":{"start":{"line":123,"column":4},"end":{"line":123,"column":11}},"52":{"start":{"line":126,"column":26},"end":{"line":135,"column":1}},"53":{"start":{"line":127,"column":19},"end":{"line":127,"column":45}},"54":{"start":{"line":128,"column":19},"end":{"line":131,"column":6}},"55":{"start":{"line":133,"column":20},"end":{"line":133,"column":39}},"56":{"start":{"line":134,"column":4},"end":{"line":134,"column":19}},"57":{"start":{"line":137,"column":26},"end":{"line":150,"column":1}},"58":{"start":{"line":138,"column":16},"end":{"line":138,"column":52}},"59":{"start":{"line":139,"column":4},"end":{"line":148,"column":5}},"60":{"start":{"line":140,"column":8},"end":{"line":142,"column":10}},"61":{"start":{"line":144,"column":8},"end":{"line":144,"column":25}},"62":{"start":{"line":147,"column":8},"end":{"line":147,"column":54}},"63":{"start":{"line":152,"column":19},"end":{"line":164,"column":1}},"64":{"start":{"line":153,"column":16},"end":{"line":153,"column":43}},"65":{"start":{"line":154,"column":20},"end":{"line":157,"column":5}},"66":{"start":{"line":158,"column":20},"end":{"line":161,"column":5}},"67":{"start":{"line":163,"column":4},"end":{"line":163,"column":43}},"68":{"start":{"line":166,"column":26},"end":{"line":176,"column":1}},"69":{"start":{"line":167,"column":16},"end":{"line":167,"column":47}},"70":{"start":{"line":168,"column":4},"end":{"line":174,"column":5}},"71":{"start":{"line":169,"column":23},"end":{"line":172,"column":10}},"72":{"start":{"line":173,"column":8},"end":{"line":173,"column":22}},"73":{"start":{"line":175,"column":4},"end":{"line":175,"column":11}},"74":{"start":{"line":180,"column":0},"end":{"line":180,"column":223}}},"fnMap":{"0":{"name":"(anonymous_0)","decl":{"start":{"line":9,"column":24},"end":{"line":9,"column":25}},"loc":{"start":{"line":9,"column":34},"end":{"line":25,"column":1}},"line":9},"1":{"name":"(anonymous_1)","decl":{"start":{"line":27,"column":25},"end":{"line":27,"column":26}},"loc":{"start":{"line":27,"column":35},"end":{"line":43,"column":1}},"line":27},"2":{"name":"(anonymous_2)","decl":{"start":{"line":45,"column":29},"end":{"line":45,"column":30}},"loc":{"start":{"line":45,"column":39},"end":{"line":61,"column":1}},"line":45},"3":{"name":"(anonymous_3)","decl":{"start":{"line":63,"column":26},"end":{"line":63,"column":27}},"loc":{"start":{"line":63,"column":46},"end":{"line":81,"column":1}},"line":63},"4":{"name":"(anonymous_4)","decl":{"start":{"line":64,"column":23},"end":{"line":64,"column":24}},"loc":{"start":{"line":64,"column":44},"end":{"line":80,"column":5}},"line":64},"5":{"name":"(anonymous_5)","decl":{"start":{"line":72,"column":37},"end":{"line":72,"column":38}},"loc":{"start":{"line":72,"column":60},"end":{"line":79,"column":9}},"line":72},"6":{"name":"(anonymous_6)","decl":{"start":{"line":83,"column":27},"end":{"line":83,"column":28}},"loc":{"start":{"line":83,"column":51},"end":{"line":98,"column":1}},"line":83},"7":{"name":"(anonymous_7)","decl":{"start":{"line":84,"column":23},"end":{"line":84,"column":24}},"loc":{"start":{"line":84,"column":44},"end":{"line":97,"column":5}},"line":84},"8":{"name":"(anonymous_8)","decl":{"start":{"line":89,"column":38},"end":{"line":89,"column":39}},"loc":{"start":{"line":89,"column":61},"end":{"line":96,"column":9}},"line":89},"9":{"name":"(anonymous_9)","decl":{"start":{"line":100,"column":27},"end":{"line":100,"column":28}},"loc":{"start":{"line":100,"column":37},"end":{"line":112,"column":1}},"line":100},"10":{"name":"(anonymous_10)","decl":{"start":{"line":114,"column":25},"end":{"line":114,"column":26}},"loc":{"start":{"line":114,"column":48},"end":{"line":124,"column":1}},"line":114},"11":{"name":"(anonymous_11)","decl":{"start":{"line":126,"column":26},"end":{"line":126,"column":27}},"loc":{"start":{"line":126,"column":56},"end":{"line":135,"column":1}},"line":126},"12":{"name":"(anonymous_12)","decl":{"start":{"line":137,"column":26},"end":{"line":137,"column":27}},"loc":{"start":{"line":137,"column":56},"end":{"line":150,"column":1}},"line":137},"13":{"name":"(anonymous_13)","decl":{"start":{"line":152,"column":19},"end":{"line":152,"column":20}},"loc":{"start":{"line":152,"column":29},"end":{"line":164,"column":1}},"line":152},"14":{"name":"(anonymous_14)","decl":{"start":{"line":166,"column":26},"end":{"line":166,"column":27}},"loc":{"start":{"line":166,"column":42},"end":{"line":176,"column":1}},"line":166}},"branchMap":{"0":{"loc":{"start":{"line":65,"column":8},"end":{"line":67,"column":9}},"type":"if","locations":[{"start":{"line":65,"column":8},"end":{"line":67,"column":9}},{"start":{},"end":{}}],"line":65},"1":{"loc":{"start":{"line":73,"column":12},"end":{"line":78,"column":13}},"type":"if","locations":[{"start":{"line":73,"column":12},"end":{"line":78,"column":13}},{"start":{"line":76,"column":17},"end":{"line":78,"column":13}}],"line":73},"2":{"loc":{"start":{"line":73,"column":16},"end":{"line":73,"column":52}},"type":"binary-expr","locations":[{"start":{"line":73,"column":16},"end":{"line":73,"column":19}},{"start":{"line":73,"column":23},"end":{"line":73,"column":52}}],"line":73},"3":{"loc":{"start":{"line":85,"column":8},"end":{"line":87,"column":9}},"type":"if","locations":[{"start":{"line":85,"column":8},"end":{"line":87,"column":9}},{"start":{},"end":{}}],"line":85},"4":{"loc":{"start":{"line":90,"column":12},"end":{"line":95,"column":13}},"type":"if","locations":[{"start":{"line":90,"column":12},"end":{"line":95,"column":13}},{"start":{"line":93,"column":17},"end":{"line":95,"column":13}}],"line":90},"5":{"loc":{"start":{"line":90,"column":16},"end":{"line":90,"column":52}},"type":"binary-expr","locations":[{"start":{"line":90,"column":16},"end":{"line":90,"column":19}},{"start":{"line":90,"column":23},"end":{"line":90,"column":52}}],"line":90},"6":{"loc":{"start":{"line":116,"column":4},"end":{"line":122,"column":5}},"type":"if","locations":[{"start":{"line":116,"column":4},"end":{"line":122,"column":5}},{"start":{},"end":{}}],"line":116},"7":{"loc":{"start":{"line":116,"column":8},"end":{"line":116,"column":55}},"type":"binary-expr","locations":[{"start":{"line":116,"column":8},"end":{"line":116,"column":25}},{"start":{"line":116,"column":29},"end":{"line":116,"column":55}}],"line":116},"8":{"loc":{"start":{"line":139,"column":4},"end":{"line":148,"column":5}},"type":"if","locations":[{"start":{"line":139,"column":4},"end":{"line":148,"column":5}},{"start":{"line":146,"column":9},"end":{"line":148,"column":5}}],"line":139},"9":{"loc":{"start":{"line":168,"column":4},"end":{"line":174,"column":5}},"type":"if","locations":[{"start":{"line":168,"column":4},"end":{"line":174,"column":5}},{"start":{},"end":{}}],"line":168}},"s":{"0":2,"1":2,"2":2,"3":2,"4":2,"5":2,"6":2,"7":0,"8":0,"9":0,"10":0,"11":2,"12":0,"13":0,"14":0,"15":0,"16":2,"17":0,"18":0,"19":0,"20":0,"21":2,"22":0,"23":0,"24":0,"25":0,"26":0,"27":0,"28":0,"29":0,"30":0,"31":0,"32":2,"33":0,"34":0,"35":0,"36":0,"37":0,"38":0,"39":0,"40":0,"41":2,"42":0,"43":0,"44":0,"45":0,"46":2,"47":0,"48":0,"49":0,"50":0,"51":0,"52":2,"53":0,"54":0,"55":0,"56":0,"57":2,"58":0,"59":0,"60":0,"61":0,"62":0,"63":2,"64":1,"65":1,"66":1,"67":1,"68":2,"69":1,"70":1,"71":1,"72":1,"73":0,"74":2},"f":{"0":0,"1":0,"2":0,"3":0,"4":0,"5":0,"6":0,"7":0,"8":0,"9":0,"10":0,"11":0,"12":0,"13":1,"14":1},"b":{"0":[0,0],"1":[0,0],"2":[0,0],"3":[0,0],"4":[0,0],"5":[0,0],"6":[0,0],"7":[0,0],"8":[0,0],"9":[1,0]},"_coverageSchema":"1a1c01bbd47fc00a2c39e90264f33305004495a9","hash":"f25e99cb09e11fbf7ee16d821888de7ea1db6a74"}
,"/Users/presleyomozuwa/Projects/CommonApp/backend/Structure/Utils/user-utils.js": {"path":"/Users/presleyomozuwa/Projects/CommonApp/backend/Structure/Utils/user-utils.js","statementMap":{"0":{"start":{"line":1,"column":24},"end":{"line":1,"column":67}},"1":{"start":{"line":2,"column":20},"end":{"line":2,"column":59}},"2":{"start":{"line":3,"column":20},"end":{"line":3,"column":59}},"3":{"start":{"line":4,"column":23},"end":{"line":4,"column":60}},"4":{"start":{"line":5,"column":33},"end":{"line":5,"column":82}},"5":{"start":{"line":9,"column":24},"end":{"line":22,"column":1}},"6":{"start":{"line":10,"column":28},"end":{"line":10,"column":80}},"7":{"start":{"line":12,"column":4},"end":{"line":19,"column":5}},"8":{"start":{"line":13,"column":23},"end":{"line":17,"column":10}},"9":{"start":{"line":18,"column":8},"end":{"line":18,"column":22}},"10":{"start":{"line":21,"column":4},"end":{"line":21,"column":11}},"11":{"start":{"line":25,"column":27},"end":{"line":31,"column":1}},"12":{"start":{"line":26,"column":21},"end":{"line":26,"column":79}},"13":{"start":{"line":27,"column":4},"end":{"line":29,"column":5}},"14":{"start":{"line":28,"column":8},"end":{"line":28,"column":35}},"15":{"start":{"line":30,"column":4},"end":{"line":30,"column":11}},"16":{"start":{"line":34,"column":29},"end":{"line":44,"column":1}},"17":{"start":{"line":35,"column":21},"end":{"line":35,"column":45}},"18":{"start":{"line":37,"column":4},"end":{"line":39,"column":5}},"19":{"start":{"line":38,"column":8},"end":{"line":38,"column":47}},"20":{"start":{"line":41,"column":4},"end":{"line":43,"column":6}},"21":{"start":{"line":42,"column":8},"end":{"line":42,"column":31}},"22":{"start":{"line":46,"column":27},"end":{"line":56,"column":1}},"23":{"start":{"line":47,"column":24},"end":{"line":47,"column":55}},"24":{"start":{"line":49,"column":4},"end":{"line":51,"column":5}},"25":{"start":{"line":50,"column":8},"end":{"line":50,"column":47}},"26":{"start":{"line":53,"column":4},"end":{"line":55,"column":6}},"27":{"start":{"line":54,"column":8},"end":{"line":54,"column":34}},"28":{"start":{"line":60,"column":24},"end":{"line":73,"column":1}},"29":{"start":{"line":61,"column":20},"end":{"line":61,"column":74}},"30":{"start":{"line":63,"column":4},"end":{"line":69,"column":5}},"31":{"start":{"line":64,"column":8},"end":{"line":68,"column":10}},"32":{"start":{"line":71,"column":4},"end":{"line":71,"column":19}},"33":{"start":{"line":76,"column":25},"end":{"line":97,"column":1}},"34":{"start":{"line":77,"column":14},"end":{"line":77,"column":16}},"35":{"start":{"line":79,"column":17},"end":{"line":79,"column":41}},"36":{"start":{"line":81,"column":24},"end":{"line":81,"column":71}},"37":{"start":{"line":83,"column":4},"end":{"line":85,"column":5}},"38":{"start":{"line":84,"column":8},"end":{"line":84,"column":48}},"39":{"start":{"line":87,"column":4},"end":{"line":91,"column":7}},"40":{"start":{"line":93,"column":4},"end":{"line":93,"column":26}},"41":{"start":{"line":95,"column":4},"end":{"line":95,"column":15}},"42":{"start":{"line":100,"column":27},"end":{"line":117,"column":1}},"43":{"start":{"line":101,"column":14},"end":{"line":101,"column":16}},"44":{"start":{"line":103,"column":17},"end":{"line":103,"column":41}},"45":{"start":{"line":105,"column":24},"end":{"line":105,"column":71}},"46":{"start":{"line":107,"column":4},"end":{"line":109,"column":5}},"47":{"start":{"line":108,"column":8},"end":{"line":108,"column":50}},"48":{"start":{"line":111,"column":4},"end":{"line":111,"column":34}},"49":{"start":{"line":113,"column":4},"end":{"line":113,"column":28}},"50":{"start":{"line":115,"column":4},"end":{"line":115,"column":15}},"51":{"start":{"line":119,"column":31},"end":{"line":131,"column":1}},"52":{"start":{"line":120,"column":25},"end":{"line":120,"column":59}},"53":{"start":{"line":122,"column":4},"end":{"line":124,"column":5}},"54":{"start":{"line":123,"column":8},"end":{"line":123,"column":54}},"55":{"start":{"line":126,"column":4},"end":{"line":128,"column":6}},"56":{"start":{"line":130,"column":4},"end":{"line":130,"column":30}},"57":{"start":{"line":136,"column":0},"end":{"line":136,"column":177}}},"fnMap":{"0":{"name":"(anonymous_0)","decl":{"start":{"line":9,"column":24},"end":{"line":9,"column":25}},"loc":{"start":{"line":9,"column":51},"end":{"line":22,"column":1}},"line":9},"1":{"name":"(anonymous_1)","decl":{"start":{"line":25,"column":27},"end":{"line":25,"column":28}},"loc":{"start":{"line":25,"column":50},"end":{"line":31,"column":1}},"line":25},"2":{"name":"(anonymous_2)","decl":{"start":{"line":34,"column":29},"end":{"line":34,"column":30}},"loc":{"start":{"line":34,"column":41},"end":{"line":44,"column":1}},"line":34},"3":{"name":"(anonymous_3)","decl":{"start":{"line":41,"column":21},"end":{"line":41,"column":22}},"loc":{"start":{"line":41,"column":37},"end":{"line":43,"column":5}},"line":41},"4":{"name":"(anonymous_4)","decl":{"start":{"line":46,"column":27},"end":{"line":46,"column":28}},"loc":{"start":{"line":46,"column":39},"end":{"line":56,"column":1}},"line":46},"5":{"name":"(anonymous_5)","decl":{"start":{"line":53,"column":24},"end":{"line":53,"column":25}},"loc":{"start":{"line":53,"column":44},"end":{"line":55,"column":5}},"line":53},"6":{"name":"(anonymous_6)","decl":{"start":{"line":60,"column":24},"end":{"line":60,"column":25}},"loc":{"start":{"line":60,"column":47},"end":{"line":73,"column":1}},"line":60},"7":{"name":"(anonymous_7)","decl":{"start":{"line":76,"column":25},"end":{"line":76,"column":26}},"loc":{"start":{"line":76,"column":43},"end":{"line":97,"column":1}},"line":76},"8":{"name":"(anonymous_8)","decl":{"start":{"line":100,"column":27},"end":{"line":100,"column":28}},"loc":{"start":{"line":100,"column":45},"end":{"line":117,"column":1}},"line":100},"9":{"name":"(anonymous_9)","decl":{"start":{"line":119,"column":31},"end":{"line":119,"column":32}},"loc":{"start":{"line":119,"column":49},"end":{"line":131,"column":1}},"line":119}},"branchMap":{"0":{"loc":{"start":{"line":12,"column":4},"end":{"line":19,"column":5}},"type":"if","locations":[{"start":{"line":12,"column":4},"end":{"line":19,"column":5}},{"start":{},"end":{}}],"line":12},"1":{"loc":{"start":{"line":12,"column":8},"end":{"line":12,"column":71}},"type":"binary-expr","locations":[{"start":{"line":12,"column":8},"end":{"line":12,"column":24}},{"start":{"line":12,"column":28},"end":{"line":12,"column":71}}],"line":12},"2":{"loc":{"start":{"line":16,"column":24},"end":{"line":16,"column":68}},"type":"cond-expr","locations":[{"start":{"line":16,"column":36},"end":{"line":16,"column":45}},{"start":{"line":16,"column":48},"end":{"line":16,"column":68}}],"line":16},"3":{"loc":{"start":{"line":27,"column":4},"end":{"line":29,"column":5}},"type":"if","locations":[{"start":{"line":27,"column":4},"end":{"line":29,"column":5}},{"start":{},"end":{}}],"line":27},"4":{"loc":{"start":{"line":37,"column":4},"end":{"line":39,"column":5}},"type":"if","locations":[{"start":{"line":37,"column":4},"end":{"line":39,"column":5}},{"start":{},"end":{}}],"line":37},"5":{"loc":{"start":{"line":49,"column":4},"end":{"line":51,"column":5}},"type":"if","locations":[{"start":{"line":49,"column":4},"end":{"line":51,"column":5}},{"start":{},"end":{}}],"line":49},"6":{"loc":{"start":{"line":63,"column":4},"end":{"line":69,"column":5}},"type":"if","locations":[{"start":{"line":63,"column":4},"end":{"line":69,"column":5}},{"start":{},"end":{}}],"line":63},"7":{"loc":{"start":{"line":83,"column":4},"end":{"line":85,"column":5}},"type":"if","locations":[{"start":{"line":83,"column":4},"end":{"line":85,"column":5}},{"start":{},"end":{}}],"line":83},"8":{"loc":{"start":{"line":107,"column":4},"end":{"line":109,"column":5}},"type":"if","locations":[{"start":{"line":107,"column":4},"end":{"line":109,"column":5}},{"start":{},"end":{}}],"line":107},"9":{"loc":{"start":{"line":122,"column":4},"end":{"line":124,"column":5}},"type":"if","locations":[{"start":{"line":122,"column":4},"end":{"line":124,"column":5}},{"start":{},"end":{}}],"line":122}},"s":{"0":2,"1":2,"2":2,"3":2,"4":2,"5":2,"6":1,"7":1,"8":1,"9":1,"10":0,"11":2,"12":0,"13":0,"14":0,"15":0,"16":2,"17":0,"18":0,"19":0,"20":0,"21":0,"22":2,"23":0,"24":0,"25":0,"26":0,"27":0,"28":2,"29":0,"30":0,"31":0,"32":0,"33":2,"34":0,"35":0,"36":0,"37":0,"38":0,"39":0,"40":0,"41":0,"42":2,"43":0,"44":0,"45":0,"46":0,"47":0,"48":0,"49":0,"50":0,"51":2,"52":0,"53":0,"54":0,"55":0,"56":0,"57":2},"f":{"0":1,"1":0,"2":0,"3":0,"4":0,"5":0,"6":0,"7":0,"8":0,"9":0},"b":{"0":[1,0],"1":[1,0],"2":[1,0],"3":[0,0],"4":[0,0],"5":[0,0],"6":[0,0],"7":[0,0],"8":[0,0],"9":[0,0]},"_coverageSchema":"1a1c01bbd47fc00a2c39e90264f33305004495a9","hash":"46642e63c145daccbb2b0f0975635e0ea4b6b9f8"}
,"/Users/presleyomozuwa/Projects/CommonApp/backend/config/connector.js": {"path":"/Users/presleyomozuwa/Projects/CommonApp/backend/config/connector.js","statementMap":{"0":{"start":{"line":1,"column":17},"end":{"line":1,"column":36}},"1":{"start":{"line":2,"column":30},"end":{"line":2,"column":62}},"2":{"start":{"line":4,"column":13},"end":{"line":4,"column":17}},"3":{"start":{"line":6,"column":16},"end":{"line":18,"column":1}},"4":{"start":{"line":7,"column":4},"end":{"line":17,"column":5}},"5":{"start":{"line":8,"column":8},"end":{"line":8,"column":50}},"6":{"start":{"line":9,"column":20},"end":{"line":9,"column":35}},"7":{"start":{"line":10,"column":24},"end":{"line":12,"column":9}},"8":{"start":{"line":13,"column":8},"end":{"line":13,"column":45}},"9":{"start":{"line":16,"column":8},"end":{"line":16,"column":33}},"10":{"start":{"line":20,"column":22},"end":{"line":32,"column":1}},"11":{"start":{"line":21,"column":4},"end":{"line":31,"column":5}},"12":{"start":{"line":22,"column":28},"end":{"line":22,"column":59}},"13":{"start":{"line":24,"column":8},"end":{"line":27,"column":9}},"14":{"start":{"line":25,"column":31},"end":{"line":25,"column":47}},"15":{"start":{"line":26,"column":12},"end":{"line":26,"column":42}},"16":{"start":{"line":30,"column":8},"end":{"line":30,"column":33}},"17":{"start":{"line":34,"column":22},"end":{"line":43,"column":1}},"18":{"start":{"line":35,"column":4},"end":{"line":42,"column":5}},"19":{"start":{"line":36,"column":8},"end":{"line":36,"column":49}},"20":{"start":{"line":37,"column":8},"end":{"line":37,"column":42}},"21":{"start":{"line":38,"column":8},"end":{"line":38,"column":28}},"22":{"start":{"line":41,"column":8},"end":{"line":41,"column":33}},"23":{"start":{"line":47,"column":0},"end":{"line":47,"column":59}}},"fnMap":{"0":{"name":"(anonymous_0)","decl":{"start":{"line":6,"column":16},"end":{"line":6,"column":17}},"loc":{"start":{"line":6,"column":28},"end":{"line":18,"column":1}},"line":6},"1":{"name":"(anonymous_1)","decl":{"start":{"line":20,"column":22},"end":{"line":20,"column":23}},"loc":{"start":{"line":20,"column":34},"end":{"line":32,"column":1}},"line":20},"2":{"name":"(anonymous_2)","decl":{"start":{"line":34,"column":22},"end":{"line":34,"column":23}},"loc":{"start":{"line":34,"column":34},"end":{"line":43,"column":1}},"line":34}},"branchMap":{},"s":{"0":2,"1":2,"2":2,"3":2,"4":2,"5":2,"6":2,"7":2,"8":2,"9":0,"10":2,"11":13,"12":13,"13":13,"14":182,"15":182,"16":0,"17":2,"18":2,"19":2,"20":2,"21":2,"22":0,"23":2},"f":{"0":2,"1":13,"2":2},"b":{},"_coverageSchema":"1a1c01bbd47fc00a2c39e90264f33305004495a9","hash":"a934ed7f9696571c4d6c1f1fe0fff08f4f15fe93"}
}
