TN:
SF:Structure/AccountUpdate/account-update-service.js
FN:4,(anonymous_0)
FN:16,(anonymous_1)
FN:21,(anonymous_2)
FNF:3
FNH:0
FNDA:0,(anonymous_0)
FNDA:0,(anonymous_1)
FNDA:0,(anonymous_2)
DA:1,1
DA:2,1
DA:4,1
DA:5,0
DA:7,0
DA:8,0
DA:11,0
DA:16,1
DA:17,0
DA:18,0
DA:21,1
DA:22,0
DA:23,0
DA:28,1
LF:14
LH:6
BRDA:7,0,0,0
BRDA:7,0,1,0
BRF:2
BRH:0
end_of_record
TN:
SF:Structure/AppUser/appuser-service.js
FN:6,(anonymous_0)
FN:17,(anonymous_1)
FN:28,(anonymous_2)
FN:39,(anonymous_3)
FN:51,(anonymous_4)
FN:66,(anonymous_5)
FN:79,(anonymous_6)
FN:93,(anonymous_7)
FN:112,(anonymous_8)
FNF:9
FNH:0
FNDA:0,(anonymous_0)
FNDA:0,(anonymous_1)
FNDA:0,(anonymous_2)
FNDA:0,(anonymous_3)
FNDA:0,(anonymous_4)
FNDA:0,(anonymous_5)
FNDA:0,(anonymous_6)
FNDA:0,(anonymous_7)
FNDA:0,(anonymous_8)
DA:1,1
DA:2,1
DA:6,1
DA:7,0
DA:9,0
DA:10,0
DA:13,0
DA:17,1
DA:18,0
DA:20,0
DA:21,0
DA:24,0
DA:28,1
DA:29,0
DA:31,0
DA:32,0
DA:35,0
DA:39,1
DA:40,0
DA:42,0
DA:43,0
DA:46,0
DA:51,1
DA:52,0
DA:53,0
DA:58,0
DA:60,0
DA:61,0
DA:63,0
DA:66,1
DA:67,0
DA:71,0
DA:73,0
DA:74,0
DA:76,0
DA:79,1
DA:80,0
DA:84,0
DA:86,0
DA:87,0
DA:90,0
DA:93,1
DA:95,0
DA:97,0
DA:101,0
DA:103,0
DA:104,0
DA:107,0
DA:112,1
DA:113,0
DA:114,0
DA:115,0
DA:116,0
DA:117,0
DA:119,0
DA:123,1
LF:56
LH:12
BRDA:9,0,0,0
BRDA:9,0,1,0
BRDA:20,1,0,0
BRDA:20,1,1,0
BRDA:31,2,0,0
BRDA:31,2,1,0
BRDA:42,3,0,0
BRDA:42,3,1,0
BRDA:60,4,0,0
BRDA:60,4,1,0
BRDA:73,5,0,0
BRDA:73,5,1,0
BRDA:86,6,0,0
BRDA:86,6,1,0
BRDA:103,7,0,0
BRDA:103,7,1,0
BRF:16
BRH:0
end_of_record
TN:
SF:Structure/Cart_AuthUser/cart-service.js
FN:3,(anonymous_0)
FN:8,(anonymous_1)
FN:18,(anonymous_2)
FNF:3
FNH:1
FNDA:1,(anonymous_0)
FNDA:0,(anonymous_1)
FNDA:0,(anonymous_2)
DA:1,1
DA:3,1
DA:4,1
DA:5,1
DA:8,1
DA:9,0
DA:11,0
DA:12,0
DA:15,0
DA:18,1
DA:19,0
DA:21,0
DA:22,0
DA:25,0
DA:29,1
LF:15
LH:7
BRDA:11,0,0,0
BRDA:11,0,1,0
BRDA:21,1,0,0
BRDA:21,1,1,0
BRF:4
BRH:0
end_of_record
TN:
SF:Structure/MockData/cart-auth-mock.data.js
FNF:0
FNH:0
DA:1,1
DA:14,1
DA:20,1
DA:26,1
LF:4
LH:4
BRF:0
BRH:0
end_of_record
TN:
SF:Structure/MockData/deleted-user-mock-data.js
FNF:0
FNH:0
DA:1,1
DA:14,1
DA:21,1
DA:28,1
LF:4
LH:4
BRF:0
BRH:0
end_of_record
TN:
SF:Structure/MockData/location-mock-data.js
FNF:0
FNH:0
DA:1,1
DA:14,1
DA:21,1
LF:3
LH:3
BRF:0
BRH:0
end_of_record
TN:
SF:Structure/MockData/user-mock-data.js
FNF:0
FNH:0
DA:1,1
DA:48,1
DA:75,1
DA:88,1
DA:102,1
LF:5
LH:5
BRF:0
BRH:0
end_of_record
TN:
SF:Structure/Models/blocked-user-model.js
FNF:0
FNH:0
DA:1,1
DA:2,1
DA:4,1
DA:21,1
DA:23,1
LF:5
LH:5
BRF:0
BRH:0
end_of_record
TN:
SF:Structure/Models/common-model.js
FNF:0
FNH:0
DA:1,1
DA:2,1
DA:3,1
DA:5,1
DA:70,1
DA:72,1
DA:81,1
DA:84,1
DA:95,1
DA:98,1
DA:118,1
DA:121,1
DA:143,1
DA:177,1
DA:180,1
DA:235,1
DA:238,1
DA:245,1
DA:248,1
DA:257,1
DA:260,1
LF:21
LH:21
BRF:0
BRH:0
end_of_record
TN:
SF:Structure/Models/deleted-user-model.js
FNF:0
FNH:0
DA:1,1
DA:2,1
DA:4,1
DA:20,1
DA:22,1
LF:5
LH:5
BRF:0
BRH:0
end_of_record
TN:
SF:Structure/Models/location-tracker-model.js
FNF:0
FNH:0
DA:1,1
DA:2,1
DA:4,1
DA:19,1
DA:21,1
LF:5
LH:5
BRF:0
BRH:0
end_of_record
TN:
SF:Structure/Models/oldemail-model.js
FNF:0
FNH:0
DA:1,1
DA:2,1
DA:4,1
DA:16,1
DA:18,1
LF:5
LH:5
BRF:0
BRH:0
end_of_record
TN:
SF:Structure/Models/refreshToken-model.js
FNF:0
FNH:0
DA:1,1
DA:2,1
DA:3,1
DA:5,1
DA:16,1
DA:18,1
LF:6
LH:6
BRF:0
BRH:0
end_of_record
TN:
SF:Structure/Models/user-model.js
FN:56,(anonymous_0)
FNF:1
FNH:0
FNDA:0,(anonymous_0)
DA:1,1
DA:2,1
DA:3,1
DA:4,1
DA:7,1
DA:56,1
DA:57,0
DA:69,1
DA:71,1
LF:9
LH:8
BRF:0
BRH:0
end_of_record
TN:
SF:Structure/Order_Archive/order-archive-service.js
FN:3,(anonymous_0)
FN:9,(anonymous_1)
FNF:2
FNH:0
FNDA:0,(anonymous_0)
FNDA:0,(anonymous_1)
DA:1,1
DA:3,1
DA:4,0
DA:5,0
DA:9,1
DA:10,0
DA:12,0
DA:13,0
DA:16,0
DA:20,1
LF:10
LH:4
BRDA:12,0,0,0
BRDA:12,0,1,0
BRF:2
BRH:0
end_of_record
TN:
SF:Structure/Register/register-helper.js
FN:3,(anonymous_0)
FNF:1
FNH:0
FNDA:0,(anonymous_0)
DA:1,1
DA:3,1
DA:4,0
DA:7,0
DA:10,1
LF:5
LH:3
BRF:0
BRH:0
end_of_record
TN:
SF:Structure/Register/register-service.js
FN:10,(anonymous_0)
FNF:1
FNH:1
FNDA:9,(anonymous_0)
DA:1,1
DA:2,1
DA:3,1
DA:4,1
DA:5,1
DA:6,1
DA:7,1
DA:8,1
DA:10,1
DA:11,9
DA:13,9
DA:14,1
DA:19,8
DA:21,8
DA:22,1
DA:26,7
DA:27,7
DA:29,7
DA:30,1
DA:33,6
DA:34,6
DA:35,1
DA:39,5
DA:41,5
DA:42,1
DA:46,4
DA:49,4
DA:59,4
DA:60,1
DA:63,3
DA:67,3
DA:71,1
LF:32
LH:32
BRDA:13,0,0,1
BRDA:13,0,1,8
BRDA:13,1,0,9
BRDA:13,1,1,9
BRDA:21,2,0,1
BRDA:21,2,1,7
BRDA:26,3,0,7
BRDA:26,3,1,0
BRDA:29,4,0,1
BRDA:29,4,1,6
BRDA:29,5,0,7
BRDA:29,5,1,1
BRDA:34,6,0,1
BRDA:34,6,1,5
BRDA:34,7,0,6
BRDA:34,7,1,1
BRDA:41,8,0,1
BRDA:41,8,1,4
BRDA:59,9,0,1
BRDA:59,9,1,3
BRDA:59,10,0,4
BRDA:59,10,1,3
BRF:22
BRH:21
end_of_record
TN:
SF:Structure/Utils/cart-util.js
FN:6,(anonymous_0)
FN:22,(anonymous_1)
FN:30,(anonymous_2)
FN:38,(anonymous_3)
FN:46,(anonymous_4)
FN:48,(anonymous_5)
FNF:6
FNH:1
FNDA:1,(anonymous_0)
FNDA:0,(anonymous_1)
FNDA:0,(anonymous_2)
FNDA:0,(anonymous_3)
FNDA:0,(anonymous_4)
FNDA:0,(anonymous_5)
DA:1,1
DA:2,1
DA:3,1
DA:6,1
DA:8,1
DA:9,1
DA:10,1
DA:15,0
DA:18,1
DA:22,1
DA:23,0
DA:30,1
DA:31,0
DA:38,1
DA:39,0
DA:46,1
DA:47,0
DA:48,0
DA:49,0
DA:50,0
DA:57,1
LF:21
LH:13
BRDA:9,0,0,1
BRDA:9,0,1,0
BRDA:9,1,0,1
BRDA:9,1,1,0
BRDA:47,2,0,0
BRDA:47,2,1,0
BRF:6
BRH:2
end_of_record
TN:
SF:Structure/Utils/obj-checker-utils.js
FN:2,(anonymous_0)
FN:11,(anonymous_1)
FNF:2
FNH:2
FNDA:12,(anonymous_0)
FNDA:2,(anonymous_1)
DA:2,1
DA:4,12
DA:5,12
DA:6,1
DA:8,12
DA:11,1
DA:13,2
DA:14,2
DA:15,2
DA:17,2
DA:21,1
LF:11
LH:11
BRDA:5,0,0,1
BRDA:5,0,1,11
BRDA:14,1,0,2
BRDA:14,1,1,0
BRF:4
BRH:3
end_of_record
TN:
SF:Structure/Utils/register-validation-utils.js
FNF:0
FNH:0
DA:1,1
DA:2,1
DA:4,1
DA:25,1
LF:4
LH:4
BRF:0
BRH:0
end_of_record
TN:
SF:Structure/Utils/user-utils.js
FN:9,(anonymous_0)
FN:26,(anonymous_1)
FN:35,(anonymous_2)
FN:42,(anonymous_3)
FN:47,(anonymous_4)
FN:54,(anonymous_5)
FN:61,(anonymous_6)
FN:74,(anonymous_7)
FN:98,(anonymous_8)
FN:117,(anonymous_9)
FNF:10
FNH:1
FNDA:1,(anonymous_0)
FNDA:0,(anonymous_1)
FNDA:0,(anonymous_2)
FNDA:0,(anonymous_3)
FNDA:0,(anonymous_4)
FNDA:0,(anonymous_5)
FNDA:0,(anonymous_6)
FNDA:0,(anonymous_7)
FNDA:0,(anonymous_8)
FNDA:0,(anonymous_9)
DA:1,1
DA:2,1
DA:3,1
DA:4,1
DA:5,1
DA:9,1
DA:10,1
DA:12,1
DA:13,1
DA:18,1
DA:21,0
DA:26,1
DA:27,0
DA:29,0
DA:30,0
DA:35,1
DA:36,0
DA:38,0
DA:39,0
DA:42,0
DA:43,0
DA:47,1
DA:48,0
DA:50,0
DA:51,0
DA:54,0
DA:55,0
DA:61,1
DA:62,0
DA:64,0
DA:65,0
DA:74,1
DA:75,0
DA:77,0
DA:79,0
DA:81,0
DA:82,0
DA:85,0
DA:91,0
DA:93,0
DA:98,1
DA:99,0
DA:101,0
DA:103,0
DA:105,0
DA:106,0
DA:109,0
DA:111,0
DA:113,0
DA:117,1
DA:118,0
DA:120,0
DA:121,0
DA:124,0
DA:128,0
DA:134,1
LF:56
LH:18
BRDA:12,0,0,1
BRDA:12,0,1,0
BRDA:12,1,0,1
BRDA:12,1,1,0
BRDA:16,2,0,1
BRDA:16,2,1,0
BRDA:29,3,0,0
BRDA:29,3,1,0
BRDA:38,4,0,0
BRDA:38,4,1,0
BRDA:50,5,0,0
BRDA:50,5,1,0
BRDA:64,6,0,0
BRDA:64,6,1,0
BRDA:81,7,0,0
BRDA:81,7,1,0
BRDA:105,8,0,0
BRDA:105,8,1,0
BRDA:120,9,0,0
BRDA:120,9,1,0
BRF:20
BRH:3
end_of_record
TN:
SF:config/connector.js
FN:6,(anonymous_0)
FN:20,(anonymous_1)
FN:34,(anonymous_2)
FNF:3
FNH:3
FNDA:1,(anonymous_0)
FNDA:9,(anonymous_1)
FNDA:1,(anonymous_2)
DA:1,1
DA:2,1
DA:4,1
DA:6,1
DA:7,1
DA:8,1
DA:9,1
DA:10,1
DA:13,1
DA:16,0
DA:20,1
DA:21,9
DA:22,9
DA:24,9
DA:25,126
DA:26,126
DA:30,0
DA:34,1
DA:35,1
DA:36,1
DA:37,1
DA:38,1
DA:41,0
DA:47,1
LF:24
LH:21
BRF:0
BRH:0
end_of_record
